[2019-04-23 19:30:59] DEBUG 137 statementLog - {conn-10005, cstmt-20000} created. {CALL updateStudentLevel()}
[2019-04-23 19:30:59] DEBUG 134 statementLog - {conn-10005, cstmt-20000} created. {CALL updateStudentLevel()}
[2019-04-23 19:30:59] DEBUG 134 statementLog - {conn-10005, cstmt-20000} Parameters : []
[2019-04-23 19:30:59] DEBUG 134 statementLog - {conn-10005, cstmt-20000} Types : []
[2019-04-23 19:30:59] DEBUG 137 statementLog - {conn-10005, cstmt-20000} Parameters : []
[2019-04-23 19:30:59] DEBUG 137 statementLog - {conn-10005, cstmt-20000} Types : []
[2019-04-23 19:30:59] DEBUG 137 statementLog - {conn-10005, cstmt-20000} executed. 88.023589 millis. {CALL updateStudentLevel()}
[2019-04-23 19:30:59] DEBUG 134 statementLog - {conn-10005, cstmt-20000} executed. 88.023589 millis. {CALL updateStudentLevel()}
[2019-04-23 19:30:59] DEBUG 137 statementLog - {conn-10005, cstmt-20000} closed
[2019-04-23 19:31:23] DEBUG 137 statementLog - {conn-10005, cstmt-20001} created. {CALL updateStudentLevel()}
[2019-04-23 19:31:23] DEBUG 134 statementLog - {conn-10005, cstmt-20001} created. {CALL updateStudentLevel()}
[2019-04-23 19:31:23] DEBUG 134 statementLog - {conn-10005, cstmt-20001} Parameters : []
[2019-04-23 19:31:23] DEBUG 134 statementLog - {conn-10005, cstmt-20001} Types : []
[2019-04-23 19:31:23] DEBUG 137 statementLog - {conn-10005, cstmt-20001} Parameters : []
[2019-04-23 19:31:23] DEBUG 137 statementLog - {conn-10005, cstmt-20001} Types : []
[2019-04-23 19:31:23] DEBUG 137 statementLog - {conn-10005, cstmt-20001} executed. 6.03404 millis. {CALL updateStudentLevel()}
[2019-04-23 19:31:23] DEBUG 134 statementLog - {conn-10005, cstmt-20001} executed. 6.03404 millis. {CALL updateStudentLevel()}
[2019-04-23 19:31:23] DEBUG 137 statementLog - {conn-10005, cstmt-20001} closed
[2019-04-23 19:34:12] DEBUG 137 statementLog - {conn-10005, pstmt-20000} created. UPDATE tb_level SET salary=? WHERE levelID = ?
[2019-04-23 19:34:12] DEBUG 134 statementLog - {conn-10005, pstmt-20000} created. UPDATE tb_level SET salary=? WHERE levelID = ?
[2019-04-23 19:34:12] DEBUG 134 statementLog - {conn-10005, pstmt-20000} Parameters : [1, 1]
[2019-04-23 19:34:12] DEBUG 134 statementLog - {conn-10005, pstmt-20000} Types : [INTEGER, INTEGER]
[2019-04-23 19:34:12] DEBUG 137 statementLog - {conn-10005, pstmt-20000} Parameters : [1, 1]
[2019-04-23 19:34:12] DEBUG 137 statementLog - {conn-10005, pstmt-20000} Types : [INTEGER, INTEGER]
[2019-04-23 19:34:12] DEBUG 137 statementLog - {conn-10005, pstmt-20000} executed. 6.82562 millis. UPDATE tb_level SET salary=? WHERE levelID = ?
[2019-04-23 19:34:12] DEBUG 134 statementLog - {conn-10005, pstmt-20000} executed. 7.759288 millis. UPDATE tb_level SET salary=? WHERE levelID = ?
[2019-04-23 19:34:12] DEBUG 137 statementLog - {conn-10005, pstmt-20000} closed
[2019-04-23 19:43:24] DEBUG 137 statementLog - {conn-10005, pstmt-20000} created. SELECT classUUID FROM `tb_class` WHERE className = ?
[2019-04-23 19:43:24] DEBUG 134 statementLog - {conn-10005, pstmt-20000} created. SELECT classUUID FROM `tb_class` WHERE className = ?
[2019-04-23 19:43:24] DEBUG 134 statementLog - {conn-10005, pstmt-20000} Parameters : [BB班]
[2019-04-23 19:43:24] DEBUG 134 statementLog - {conn-10005, pstmt-20000} Types : [VARCHAR]
[2019-04-23 19:43:24] DEBUG 137 statementLog - {conn-10005, pstmt-20000} Parameters : [BB班]
[2019-04-23 19:43:24] DEBUG 137 statementLog - {conn-10005, pstmt-20000} Types : [VARCHAR]
[2019-04-23 19:43:24] DEBUG 137 statementLog - {conn-10005, pstmt-20000} executed. 9.789237 millis. SELECT classUUID FROM `tb_class` WHERE className = ?
[2019-04-23 19:43:24] DEBUG 134 statementLog - {conn-10005, pstmt-20000} executed. 10.236987 millis. SELECT classUUID FROM `tb_class` WHERE className = ?
[2019-04-23 19:43:24] DEBUG 137 statementLog - {conn-10005, pstmt-20000} closed
[2019-04-23 19:44:18] DEBUG 137 statementLog - {conn-10005, pstmt-20000} created. SELECT classUUID FROM `tb_class` WHERE className = ?
[2019-04-23 19:44:18] DEBUG 134 statementLog - {conn-10005, pstmt-20000} created. SELECT classUUID FROM `tb_class` WHERE className = ?
[2019-04-23 19:44:18] DEBUG 134 statementLog - {conn-10005, pstmt-20000} Parameters : [BB班]
[2019-04-23 19:44:18] DEBUG 134 statementLog - {conn-10005, pstmt-20000} Types : [VARCHAR]
[2019-04-23 19:44:18] DEBUG 137 statementLog - {conn-10005, pstmt-20000} Parameters : [BB班]
[2019-04-23 19:44:18] DEBUG 137 statementLog - {conn-10005, pstmt-20000} Types : [VARCHAR]
[2019-04-23 19:44:18] DEBUG 137 statementLog - {conn-10005, pstmt-20000} executed. 10.814956 millis. SELECT classUUID FROM `tb_class` WHERE className = ?
[2019-04-23 19:44:18] DEBUG 134 statementLog - {conn-10005, pstmt-20000} executed. 11.264951 millis. SELECT classUUID FROM `tb_class` WHERE className = ?
[2019-04-23 19:44:18] DEBUG 137 statementLog - {conn-10005, pstmt-20000} closed
[2019-04-23 19:57:29] DEBUG 137 statementLog - {conn-10005, pstmt-20000} created. SELECT classUUID FROM `tb_class` WHERE className = ?
[2019-04-23 19:57:29] DEBUG 134 statementLog - {conn-10005, pstmt-20000} created. SELECT classUUID FROM `tb_class` WHERE className = ?
[2019-04-23 19:57:29] DEBUG 134 statementLog - {conn-10005, pstmt-20000} Parameters : [BB班]
[2019-04-23 19:57:29] DEBUG 134 statementLog - {conn-10005, pstmt-20000} Types : [VARCHAR]
[2019-04-23 19:57:29] DEBUG 137 statementLog - {conn-10005, pstmt-20000} Parameters : [BB班]
[2019-04-23 19:57:29] DEBUG 137 statementLog - {conn-10005, pstmt-20000} Types : [VARCHAR]
[2019-04-23 19:57:29] DEBUG 137 statementLog - {conn-10005, pstmt-20000} executed. 8.923566 millis. SELECT classUUID FROM `tb_class` WHERE className = ?
[2019-04-23 19:57:29] DEBUG 134 statementLog - {conn-10005, pstmt-20000} executed. 9.300433 millis. SELECT classUUID FROM `tb_class` WHERE className = ?
[2019-04-23 19:57:29] DEBUG 137 statementLog - {conn-10005, pstmt-20000} closed
[2019-04-23 20:05:51] DEBUG 137 statementLog - {conn-10005, pstmt-20000} created. SELECT classUUID FROM `tb_class` WHERE className = ?
[2019-04-23 20:05:51] DEBUG 134 statementLog - {conn-10005, pstmt-20000} created. SELECT classUUID FROM `tb_class` WHERE className = ?
[2019-04-23 20:05:51] DEBUG 134 statementLog - {conn-10005, pstmt-20000} Parameters : [BB班]
[2019-04-23 20:05:51] DEBUG 134 statementLog - {conn-10005, pstmt-20000} Types : [VARCHAR]
[2019-04-23 20:05:51] DEBUG 137 statementLog - {conn-10005, pstmt-20000} Parameters : [BB班]
[2019-04-23 20:05:51] DEBUG 137 statementLog - {conn-10005, pstmt-20000} Types : [VARCHAR]
[2019-04-23 20:05:51] DEBUG 137 statementLog - {conn-10005, pstmt-20000} executed. 9.743371 millis. SELECT classUUID FROM `tb_class` WHERE className = ?
[2019-04-23 20:05:51] DEBUG 134 statementLog - {conn-10005, pstmt-20000} executed. 9.743371 millis. SELECT classUUID FROM `tb_class` WHERE className = ?
[2019-04-23 20:05:51] DEBUG 137 statementLog - {conn-10005, pstmt-20000} closed
[2019-04-23 20:08:57] DEBUG 137 statementLog - {conn-10005, pstmt-20000} created. SELECT classUUID FROM `tb_class` WHERE className = ?
[2019-04-23 20:08:57] DEBUG 134 statementLog - {conn-10005, pstmt-20000} created. SELECT classUUID FROM `tb_class` WHERE className = ?
[2019-04-23 20:08:57] DEBUG 134 statementLog - {conn-10005, pstmt-20000} Parameters : [BB班]
[2019-04-23 20:08:57] DEBUG 134 statementLog - {conn-10005, pstmt-20000} Types : [VARCHAR]
[2019-04-23 20:08:57] DEBUG 137 statementLog - {conn-10005, pstmt-20000} Parameters : [BB班]
[2019-04-23 20:08:57] DEBUG 137 statementLog - {conn-10005, pstmt-20000} Types : [VARCHAR]
[2019-04-23 20:08:57] DEBUG 137 statementLog - {conn-10005, pstmt-20000} executed. 9.439633 millis. SELECT classUUID FROM `tb_class` WHERE className = ?
[2019-04-23 20:08:57] DEBUG 134 statementLog - {conn-10005, pstmt-20000} executed. 9.439633 millis. SELECT classUUID FROM `tb_class` WHERE className = ?
[2019-04-23 20:08:57] DEBUG 137 statementLog - {conn-10005, pstmt-20000} closed
[2019-04-23 20:08:57] DEBUG 137 statementLog - {conn-10005, pstmt-20001} created. insert into tb_student(stuUUID,stuName,stuNo,classUUID,email) values
          
            (?,?,?,?,?)
         ;
[2019-04-23 20:08:57] DEBUG 134 statementLog - {conn-10005, pstmt-20001} created. insert into tb_student(stuUUID,stuName,stuNo,classUUID,email) values
          
            (?,?,?,?,?)
         ;
[2019-04-23 20:08:57] DEBUG 134 statementLog - {conn-10005, pstmt-20001} Parameters : [3fe4fb835da146229f9ab56122580e58, 谢dudu, 123, 857af6f9656211e99df21c1b0db597bb, 1749113841@qq.com]
[2019-04-23 20:08:57] DEBUG 134 statementLog - {conn-10005, pstmt-20001} Types : [VARCHAR, VARCHAR, VARCHAR, VARCHAR, VARCHAR]
[2019-04-23 20:08:57] DEBUG 137 statementLog - {conn-10005, pstmt-20001} Parameters : [3fe4fb835da146229f9ab56122580e58, 谢dudu, 123, 857af6f9656211e99df21c1b0db597bb, 1749113841@qq.com]
[2019-04-23 20:08:57] DEBUG 137 statementLog - {conn-10005, pstmt-20001} Types : [VARCHAR, VARCHAR, VARCHAR, VARCHAR, VARCHAR]
[2019-04-23 20:08:57] DEBUG 137 statementLog - {conn-10005, pstmt-20001} executed. 4.628246 millis. insert into tb_student(stuUUID,stuName,stuNo,classUUID,email) values
          
            (?,?,?,?,?)
         ;
[2019-04-23 20:08:57] DEBUG 134 statementLog - {conn-10005, pstmt-20001} executed. 4.628246 millis. insert into tb_student(stuUUID,stuName,stuNo,classUUID,email) values
          
            (?,?,?,?,?)
         ;
[2019-04-23 20:08:57] DEBUG 137 statementLog - {conn-10005, pstmt-20001} closed
[2019-04-23 20:09:37] DEBUG 137 statementLog - {conn-10005, pstmt-20000} created. SELECT classUUID FROM `tb_class` WHERE className = ?
[2019-04-23 20:09:37] DEBUG 134 statementLog - {conn-10005, pstmt-20000} created. SELECT classUUID FROM `tb_class` WHERE className = ?
[2019-04-23 20:09:37] DEBUG 134 statementLog - {conn-10005, pstmt-20000} Parameters : [BB班]
[2019-04-23 20:09:37] DEBUG 134 statementLog - {conn-10005, pstmt-20000} Types : [VARCHAR]
[2019-04-23 20:09:37] DEBUG 137 statementLog - {conn-10005, pstmt-20000} Parameters : [BB班]
[2019-04-23 20:09:37] DEBUG 137 statementLog - {conn-10005, pstmt-20000} Types : [VARCHAR]
[2019-04-23 20:09:37] DEBUG 137 statementLog - {conn-10005, pstmt-20000} executed. 11.043963 millis. SELECT classUUID FROM `tb_class` WHERE className = ?
[2019-04-23 20:09:37] DEBUG 134 statementLog - {conn-10005, pstmt-20000} executed. 11.418906 millis. SELECT classUUID FROM `tb_class` WHERE className = ?
[2019-04-23 20:09:37] DEBUG 137 statementLog - {conn-10005, pstmt-20000} closed
[2019-04-23 20:10:11] DEBUG 137 statementLog - {conn-10005, pstmt-20000} created. SELECT classUUID FROM `tb_class` WHERE className = ?
[2019-04-23 20:10:11] DEBUG 134 statementLog - {conn-10005, pstmt-20000} created. SELECT classUUID FROM `tb_class` WHERE className = ?
[2019-04-23 20:10:11] DEBUG 134 statementLog - {conn-10005, pstmt-20000} Parameters : [BB班]
[2019-04-23 20:10:11] DEBUG 134 statementLog - {conn-10005, pstmt-20000} Types : [VARCHAR]
[2019-04-23 20:10:11] DEBUG 137 statementLog - {conn-10005, pstmt-20000} Parameters : [BB班]
[2019-04-23 20:10:11] DEBUG 137 statementLog - {conn-10005, pstmt-20000} Types : [VARCHAR]
[2019-04-23 20:10:11] DEBUG 137 statementLog - {conn-10005, pstmt-20000} executed. 9.990018 millis. SELECT classUUID FROM `tb_class` WHERE className = ?
[2019-04-23 20:10:11] DEBUG 134 statementLog - {conn-10005, pstmt-20000} executed. 10.340906 millis. SELECT classUUID FROM `tb_class` WHERE className = ?
[2019-04-23 20:10:11] DEBUG 137 statementLog - {conn-10005, pstmt-20000} closed
[2019-04-23 20:10:11] DEBUG 137 statementLog - {conn-10005, pstmt-20001} created. INSERT INTO tb_stu_position(stuUUID,postID) VALUES
          
            (?,?)
[2019-04-23 20:10:11] DEBUG 134 statementLog - {conn-10005, pstmt-20001} created. INSERT INTO tb_stu_position(stuUUID,postID) VALUES
          
            (?,?)
[2019-04-23 20:10:11] DEBUG 134 statementLog - {conn-10005, pstmt-20001} Parameters : [fea78911499847e287a83200c89cac5c, fea78911499847e287a83200c89cac5c]
[2019-04-23 20:10:11] DEBUG 134 statementLog - {conn-10005, pstmt-20001} Types : [VARCHAR, VARCHAR]
[2019-04-23 20:10:11] DEBUG 137 statementLog - {conn-10005, pstmt-20001} Parameters : [fea78911499847e287a83200c89cac5c, fea78911499847e287a83200c89cac5c]
[2019-04-23 20:10:11] DEBUG 137 statementLog - {conn-10005, pstmt-20001} Types : [VARCHAR, VARCHAR]
[2019-04-23 20:10:11] ERROR 152 statementLogError - {conn-10005, pstmt-20001} execute error. INSERT INTO tb_stu_position(stuUUID,postID) VALUES
          
            (?,?) java.sql.SQLException: Incorrect integer value: 'fea78911499847e287a83200c89cac5c' for column 'postID' at row 1
	at com.mysql.cj.jdbc.exceptions.SQLError.createSQLException(SQLError.java:129) ~[mysql-connector-java-8.0.15.jar:8.0.15]
	at com.mysql.cj.jdbc.exceptions.SQLError.createSQLException(SQLError.java:97) ~[mysql-connector-java-8.0.15.jar:8.0.15]
	at com.mysql.cj.jdbc.exceptions.SQLExceptionsMapping.translateException(SQLExceptionsMapping.java:122) ~[mysql-connector-java-8.0.15.jar:8.0.15]
	at com.mysql.cj.jdbc.ClientPreparedStatement.executeInternal(ClientPreparedStatement.java:970) ~[mysql-connector-java-8.0.15.jar:8.0.15]
	at com.mysql.cj.jdbc.ClientPreparedStatement.execute(ClientPreparedStatement.java:387) ~[mysql-connector-java-8.0.15.jar:8.0.15]
	at com.alibaba.druid.filter.FilterChainImpl.preparedStatement_execute(FilterChainImpl.java:3409) ~[druid-1.1.10.jar:1.1.10]
	at com.alibaba.druid.filter.FilterEventAdapter.preparedStatement_execute(FilterEventAdapter.java:440) ~[druid-1.1.10.jar:1.1.10]
	at com.alibaba.druid.filter.FilterChainImpl.preparedStatement_execute(FilterChainImpl.java:3407) ~[druid-1.1.10.jar:1.1.10]
	at com.alibaba.druid.wall.WallFilter.preparedStatement_execute(WallFilter.java:619) ~[druid-1.1.10.jar:1.1.10]
	at com.alibaba.druid.filter.FilterChainImpl.preparedStatement_execute(FilterChainImpl.java:3407) ~[druid-1.1.10.jar:1.1.10]
	at com.alibaba.druid.filter.FilterEventAdapter.preparedStatement_execute(FilterEventAdapter.java:440) ~[druid-1.1.10.jar:1.1.10]
	at com.alibaba.druid.filter.FilterChainImpl.preparedStatement_execute(FilterChainImpl.java:3407) ~[druid-1.1.10.jar:1.1.10]
	at com.alibaba.druid.filter.FilterEventAdapter.preparedStatement_execute(FilterEventAdapter.java:440) ~[druid-1.1.10.jar:1.1.10]
	at com.alibaba.druid.filter.FilterChainImpl.preparedStatement_execute(FilterChainImpl.java:3407) ~[druid-1.1.10.jar:1.1.10]
	at com.alibaba.druid.proxy.jdbc.PreparedStatementProxyImpl.execute(PreparedStatementProxyImpl.java:167) ~[druid-1.1.10.jar:1.1.10]
	at com.alibaba.druid.pool.DruidPooledPreparedStatement.execute(DruidPooledPreparedStatement.java:498) ~[druid-1.1.10.jar:1.1.10]
	at sun.reflect.NativeMethodAccessorImpl.invoke0(Native Method) ~[?:1.8.0_65]
	at sun.reflect.NativeMethodAccessorImpl.invoke(NativeMethodAccessorImpl.java:62) ~[?:1.8.0_65]
	at sun.reflect.DelegatingMethodAccessorImpl.invoke(DelegatingMethodAccessorImpl.java:43) ~[?:1.8.0_65]
	at java.lang.reflect.Method.invoke(Method.java:497) ~[?:1.8.0_65]
	at org.apache.ibatis.logging.jdbc.PreparedStatementLogger.invoke(PreparedStatementLogger.java:59) ~[mybatis-3.5.1.jar:3.5.1]
	at com.sun.proxy.$Proxy140.execute(Unknown Source) ~[?:?]
	at org.apache.ibatis.executor.statement.PreparedStatementHandler.update(PreparedStatementHandler.java:47) ~[mybatis-3.5.1.jar:3.5.1]
	at org.apache.ibatis.executor.statement.RoutingStatementHandler.update(RoutingStatementHandler.java:74) ~[mybatis-3.5.1.jar:3.5.1]
	at org.apache.ibatis.executor.SimpleExecutor.doUpdate(SimpleExecutor.java:50) ~[mybatis-3.5.1.jar:3.5.1]
	at org.apache.ibatis.executor.BaseExecutor.update(BaseExecutor.java:117) ~[mybatis-3.5.1.jar:3.5.1]
	at org.apache.ibatis.executor.CachingExecutor.update(CachingExecutor.java:76) ~[mybatis-3.5.1.jar:3.5.1]
	at sun.reflect.NativeMethodAccessorImpl.invoke0(Native Method) ~[?:1.8.0_65]
	at sun.reflect.NativeMethodAccessorImpl.invoke(NativeMethodAccessorImpl.java:62) ~[?:1.8.0_65]
	at sun.reflect.DelegatingMethodAccessorImpl.invoke(DelegatingMethodAccessorImpl.java:43) ~[?:1.8.0_65]
	at java.lang.reflect.Method.invoke(Method.java:497) ~[?:1.8.0_65]
	at org.apache.ibatis.plugin.Plugin.invoke(Plugin.java:63) ~[mybatis-3.5.1.jar:3.5.1]
	at com.sun.proxy.$Proxy138.update(Unknown Source) ~[?:?]
	at org.apache.ibatis.session.defaults.DefaultSqlSession.update(DefaultSqlSession.java:197) ~[mybatis-3.5.1.jar:3.5.1]
	at org.apache.ibatis.session.defaults.DefaultSqlSession.insert(DefaultSqlSession.java:184) ~[mybatis-3.5.1.jar:3.5.1]
	at sun.reflect.NativeMethodAccessorImpl.invoke0(Native Method) ~[?:1.8.0_65]
	at sun.reflect.NativeMethodAccessorImpl.invoke(NativeMethodAccessorImpl.java:62) ~[?:1.8.0_65]
	at sun.reflect.DelegatingMethodAccessorImpl.invoke(DelegatingMethodAccessorImpl.java:43) ~[?:1.8.0_65]
	at java.lang.reflect.Method.invoke(Method.java:497) ~[?:1.8.0_65]
	at org.mybatis.spring.SqlSessionTemplate$SqlSessionInterceptor.invoke(SqlSessionTemplate.java:433) ~[mybatis-spring-2.0.1.jar:2.0.1]
	at com.sun.proxy.$Proxy85.insert(Unknown Source) ~[?:?]
	at org.mybatis.spring.SqlSessionTemplate.insert(SqlSessionTemplate.java:278) ~[mybatis-spring-2.0.1.jar:2.0.1]
	at org.apache.ibatis.binding.MapperMethod.execute(MapperMethod.java:62) ~[mybatis-3.5.1.jar:3.5.1]
	at org.apache.ibatis.binding.MapperProxy.invoke(MapperProxy.java:58) ~[mybatis-3.5.1.jar:3.5.1]
	at com.sun.proxy.$Proxy101.addStudent(Unknown Source) ~[?:?]
	at com.zc.tom.service.StudentServiceImpl.importStudentInfo(StudentServiceImpl.java:60) ~[classes/:?]
	at sun.reflect.NativeMethodAccessorImpl.invoke0(Native Method) ~[?:1.8.0_65]
	at sun.reflect.NativeMethodAccessorImpl.invoke(NativeMethodAccessorImpl.java:62) ~[?:1.8.0_65]
	at sun.reflect.DelegatingMethodAccessorImpl.invoke(DelegatingMethodAccessorImpl.java:43) ~[?:1.8.0_65]
	at java.lang.reflect.Method.invoke(Method.java:497) ~[?:1.8.0_65]
	at org.springframework.aop.support.AopUtils.invokeJoinpointUsingReflection(AopUtils.java:343) ~[spring-aop-5.1.6.RELEASE.jar:5.1.6.RELEASE]
	at org.springframework.aop.framework.ReflectiveMethodInvocation.invokeJoinpoint(ReflectiveMethodInvocation.java:198) ~[spring-aop-5.1.6.RELEASE.jar:5.1.6.RELEASE]
	at org.springframework.aop.framework.ReflectiveMethodInvocation.proceed(ReflectiveMethodInvocation.java:163) ~[spring-aop-5.1.6.RELEASE.jar:5.1.6.RELEASE]
	at org.springframework.transaction.interceptor.TransactionAspectSupport.invokeWithinTransaction(TransactionAspectSupport.java:294) [spring-tx-5.1.6.RELEASE.jar:5.1.6.RELEASE]
	at org.springframework.transaction.interceptor.TransactionInterceptor.invoke(TransactionInterceptor.java:98) [spring-tx-5.1.6.RELEASE.jar:5.1.6.RELEASE]
	at org.springframework.aop.framework.ReflectiveMethodInvocation.proceed(ReflectiveMethodInvocation.java:186) [spring-aop-5.1.6.RELEASE.jar:5.1.6.RELEASE]
	at org.springframework.aop.framework.JdkDynamicAopProxy.invoke(JdkDynamicAopProxy.java:212) [spring-aop-5.1.6.RELEASE.jar:5.1.6.RELEASE]
	at com.sun.proxy.$Proxy102.importStudentInfo(Unknown Source) [?:?]
	at com.zc.tom.controller.StudentController.importStudentInfo(StudentController.java:28) [classes/:?]
	at sun.reflect.NativeMethodAccessorImpl.invoke0(Native Method) ~[?:1.8.0_65]
	at sun.reflect.NativeMethodAccessorImpl.invoke(NativeMethodAccessorImpl.java:62) ~[?:1.8.0_65]
	at sun.reflect.DelegatingMethodAccessorImpl.invoke(DelegatingMethodAccessorImpl.java:43) ~[?:1.8.0_65]
	at java.lang.reflect.Method.invoke(Method.java:497) ~[?:1.8.0_65]
	at org.springframework.web.method.support.InvocableHandlerMethod.doInvoke(InvocableHandlerMethod.java:189) [spring-web-5.1.6.RELEASE.jar:5.1.6.RELEASE]
	at org.springframework.web.method.support.InvocableHandlerMethod.invokeForRequest(InvocableHandlerMethod.java:138) [spring-web-5.1.6.RELEASE.jar:5.1.6.RELEASE]
	at org.springframework.web.servlet.mvc.method.annotation.ServletInvocableHandlerMethod.invokeAndHandle(ServletInvocableHandlerMethod.java:102) [spring-webmvc-5.1.6.RELEASE.jar:5.1.6.RELEASE]
	at org.springframework.web.servlet.mvc.method.annotation.RequestMappingHandlerAdapter.invokeHandlerMethod(RequestMappingHandlerAdapter.java:892) [spring-webmvc-5.1.6.RELEASE.jar:5.1.6.RELEASE]
	at org.springframework.web.servlet.mvc.method.annotation.RequestMappingHandlerAdapter.handleInternal(RequestMappingHandlerAdapter.java:797) [spring-webmvc-5.1.6.RELEASE.jar:5.1.6.RELEASE]
	at org.springframework.web.servlet.mvc.method.AbstractHandlerMethodAdapter.handle(AbstractHandlerMethodAdapter.java:87) [spring-webmvc-5.1.6.RELEASE.jar:5.1.6.RELEASE]
	at org.springframework.web.servlet.DispatcherServlet.doDispatch(DispatcherServlet.java:1038) [spring-webmvc-5.1.6.RELEASE.jar:5.1.6.RELEASE]
	at org.springframework.web.servlet.DispatcherServlet.doService(DispatcherServlet.java:942) [spring-webmvc-5.1.6.RELEASE.jar:5.1.6.RELEASE]
	at org.springframework.web.servlet.FrameworkServlet.processRequest(FrameworkServlet.java:1005) [spring-webmvc-5.1.6.RELEASE.jar:5.1.6.RELEASE]
	at org.springframework.web.servlet.FrameworkServlet.doPost(FrameworkServlet.java:908) [spring-webmvc-5.1.6.RELEASE.jar:5.1.6.RELEASE]
	at javax.servlet.http.HttpServlet.service(HttpServlet.java:660) [tomcat-embed-core-9.0.17.jar:9.0.17]
	at org.springframework.web.servlet.FrameworkServlet.service(FrameworkServlet.java:882) [spring-webmvc-5.1.6.RELEASE.jar:5.1.6.RELEASE]
	at javax.servlet.http.HttpServlet.service(HttpServlet.java:741) [tomcat-embed-core-9.0.17.jar:9.0.17]
	at org.apache.catalina.core.ApplicationFilterChain.internalDoFilter(ApplicationFilterChain.java:231) [tomcat-embed-core-9.0.17.jar:9.0.17]
	at org.apache.catalina.core.ApplicationFilterChain.doFilter(ApplicationFilterChain.java:166) [tomcat-embed-core-9.0.17.jar:9.0.17]
	at org.apache.tomcat.websocket.server.WsFilter.doFilter(WsFilter.java:53) [tomcat-embed-websocket-9.0.17.jar:9.0.17]
	at org.apache.catalina.core.ApplicationFilterChain.internalDoFilter(ApplicationFilterChain.java:193) [tomcat-embed-core-9.0.17.jar:9.0.17]
	at org.apache.catalina.core.ApplicationFilterChain.doFilter(ApplicationFilterChain.java:166) [tomcat-embed-core-9.0.17.jar:9.0.17]
	at com.alibaba.druid.support.http.WebStatFilter.doFilter(WebStatFilter.java:123) [druid-1.1.10.jar:1.1.10]
	at org.apache.catalina.core.ApplicationFilterChain.internalDoFilter(ApplicationFilterChain.java:193) [tomcat-embed-core-9.0.17.jar:9.0.17]
	at org.apache.catalina.core.ApplicationFilterChain.doFilter(ApplicationFilterChain.java:166) [tomcat-embed-core-9.0.17.jar:9.0.17]
	at org.springframework.web.filter.RequestContextFilter.doFilterInternal(RequestContextFilter.java:99) [spring-web-5.1.6.RELEASE.jar:5.1.6.RELEASE]
	at org.springframework.web.filter.OncePerRequestFilter.doFilter(OncePerRequestFilter.java:107) [spring-web-5.1.6.RELEASE.jar:5.1.6.RELEASE]
	at org.apache.catalina.core.ApplicationFilterChain.internalDoFilter(ApplicationFilterChain.java:193) [tomcat-embed-core-9.0.17.jar:9.0.17]
	at org.apache.catalina.core.ApplicationFilterChain.doFilter(ApplicationFilterChain.java:166) [tomcat-embed-core-9.0.17.jar:9.0.17]
	at org.springframework.web.filter.FormContentFilter.doFilterInternal(FormContentFilter.java:92) [spring-web-5.1.6.RELEASE.jar:5.1.6.RELEASE]
	at org.springframework.web.filter.OncePerRequestFilter.doFilter(OncePerRequestFilter.java:107) [spring-web-5.1.6.RELEASE.jar:5.1.6.RELEASE]
	at org.apache.catalina.core.ApplicationFilterChain.internalDoFilter(ApplicationFilterChain.java:193) [tomcat-embed-core-9.0.17.jar:9.0.17]
	at org.apache.catalina.core.ApplicationFilterChain.doFilter(ApplicationFilterChain.java:166) [tomcat-embed-core-9.0.17.jar:9.0.17]
	at org.springframework.web.filter.HiddenHttpMethodFilter.doFilterInternal(HiddenHttpMethodFilter.java:93) [spring-web-5.1.6.RELEASE.jar:5.1.6.RELEASE]
	at org.springframework.web.filter.OncePerRequestFilter.doFilter(OncePerRequestFilter.java:107) [spring-web-5.1.6.RELEASE.jar:5.1.6.RELEASE]
	at org.apache.catalina.core.ApplicationFilterChain.internalDoFilter(ApplicationFilterChain.java:193) [tomcat-embed-core-9.0.17.jar:9.0.17]
	at org.apache.catalina.core.ApplicationFilterChain.doFilter(ApplicationFilterChain.java:166) [tomcat-embed-core-9.0.17.jar:9.0.17]
	at org.springframework.web.filter.CharacterEncodingFilter.doFilterInternal(CharacterEncodingFilter.java:200) [spring-web-5.1.6.RELEASE.jar:5.1.6.RELEASE]
	at org.springframework.web.filter.OncePerRequestFilter.doFilter(OncePerRequestFilter.java:107) [spring-web-5.1.6.RELEASE.jar:5.1.6.RELEASE]
	at org.apache.catalina.core.ApplicationFilterChain.internalDoFilter(ApplicationFilterChain.java:193) [tomcat-embed-core-9.0.17.jar:9.0.17]
	at org.apache.catalina.core.ApplicationFilterChain.doFilter(ApplicationFilterChain.java:166) [tomcat-embed-core-9.0.17.jar:9.0.17]
	at org.apache.catalina.core.StandardWrapperValve.invoke(StandardWrapperValve.java:200) [tomcat-embed-core-9.0.17.jar:9.0.17]
	at org.apache.catalina.core.StandardContextValve.invoke(StandardContextValve.java:96) [tomcat-embed-core-9.0.17.jar:9.0.17]
	at org.apache.catalina.authenticator.AuthenticatorBase.invoke(AuthenticatorBase.java:490) [tomcat-embed-core-9.0.17.jar:9.0.17]
	at org.apache.catalina.core.StandardHostValve.invoke(StandardHostValve.java:139) [tomcat-embed-core-9.0.17.jar:9.0.17]
	at org.apache.catalina.valves.ErrorReportValve.invoke(ErrorReportValve.java:92) [tomcat-embed-core-9.0.17.jar:9.0.17]
	at org.apache.catalina.core.StandardEngineValve.invoke(StandardEngineValve.java:74) [tomcat-embed-core-9.0.17.jar:9.0.17]
	at org.apache.catalina.connector.CoyoteAdapter.service(CoyoteAdapter.java:343) [tomcat-embed-core-9.0.17.jar:9.0.17]
	at org.apache.coyote.http11.Http11Processor.service(Http11Processor.java:408) [tomcat-embed-core-9.0.17.jar:9.0.17]
	at org.apache.coyote.AbstractProcessorLight.process(AbstractProcessorLight.java:66) [tomcat-embed-core-9.0.17.jar:9.0.17]
	at org.apache.coyote.AbstractProtocol$ConnectionHandler.process(AbstractProtocol.java:834) [tomcat-embed-core-9.0.17.jar:9.0.17]
	at org.apache.tomcat.util.net.NioEndpoint$SocketProcessor.doRun(NioEndpoint.java:1415) [tomcat-embed-core-9.0.17.jar:9.0.17]
	at org.apache.tomcat.util.net.SocketProcessorBase.run(SocketProcessorBase.java:49) [tomcat-embed-core-9.0.17.jar:9.0.17]
	at java.util.concurrent.ThreadPoolExecutor.runWorker(ThreadPoolExecutor.java:1142) [?:1.8.0_65]
	at java.util.concurrent.ThreadPoolExecutor$Worker.run(ThreadPoolExecutor.java:617) [?:1.8.0_65]
	at org.apache.tomcat.util.threads.TaskThread$WrappingRunnable.run(TaskThread.java:61) [tomcat-embed-core-9.0.17.jar:9.0.17]
	at java.lang.Thread.run(Thread.java:745) [?:1.8.0_65]

[2019-04-23 20:10:11] ERROR 149 statementLogError - {conn-10005, pstmt-20001} execute error. INSERT INTO tb_stu_position(stuUUID,postID) VALUES
          
            (?,?) java.sql.SQLException: Incorrect integer value: 'fea78911499847e287a83200c89cac5c' for column 'postID' at row 1
	at com.mysql.cj.jdbc.exceptions.SQLError.createSQLException(SQLError.java:129) ~[mysql-connector-java-8.0.15.jar:8.0.15]
	at com.mysql.cj.jdbc.exceptions.SQLError.createSQLException(SQLError.java:97) ~[mysql-connector-java-8.0.15.jar:8.0.15]
	at com.mysql.cj.jdbc.exceptions.SQLExceptionsMapping.translateException(SQLExceptionsMapping.java:122) ~[mysql-connector-java-8.0.15.jar:8.0.15]
	at com.mysql.cj.jdbc.ClientPreparedStatement.executeInternal(ClientPreparedStatement.java:970) ~[mysql-connector-java-8.0.15.jar:8.0.15]
	at com.mysql.cj.jdbc.ClientPreparedStatement.execute(ClientPreparedStatement.java:387) ~[mysql-connector-java-8.0.15.jar:8.0.15]
	at com.alibaba.druid.filter.FilterChainImpl.preparedStatement_execute(FilterChainImpl.java:3409) ~[druid-1.1.10.jar:1.1.10]
	at com.alibaba.druid.filter.FilterEventAdapter.preparedStatement_execute(FilterEventAdapter.java:440) ~[druid-1.1.10.jar:1.1.10]
	at com.alibaba.druid.filter.FilterChainImpl.preparedStatement_execute(FilterChainImpl.java:3407) ~[druid-1.1.10.jar:1.1.10]
	at com.alibaba.druid.wall.WallFilter.preparedStatement_execute(WallFilter.java:619) ~[druid-1.1.10.jar:1.1.10]
	at com.alibaba.druid.filter.FilterChainImpl.preparedStatement_execute(FilterChainImpl.java:3407) ~[druid-1.1.10.jar:1.1.10]
	at com.alibaba.druid.filter.FilterEventAdapter.preparedStatement_execute(FilterEventAdapter.java:440) ~[druid-1.1.10.jar:1.1.10]
	at com.alibaba.druid.filter.FilterChainImpl.preparedStatement_execute(FilterChainImpl.java:3407) ~[druid-1.1.10.jar:1.1.10]
	at com.alibaba.druid.filter.FilterEventAdapter.preparedStatement_execute(FilterEventAdapter.java:440) ~[druid-1.1.10.jar:1.1.10]
	at com.alibaba.druid.filter.FilterChainImpl.preparedStatement_execute(FilterChainImpl.java:3407) ~[druid-1.1.10.jar:1.1.10]
	at com.alibaba.druid.proxy.jdbc.PreparedStatementProxyImpl.execute(PreparedStatementProxyImpl.java:167) ~[druid-1.1.10.jar:1.1.10]
	at com.alibaba.druid.pool.DruidPooledPreparedStatement.execute(DruidPooledPreparedStatement.java:498) ~[druid-1.1.10.jar:1.1.10]
	at sun.reflect.NativeMethodAccessorImpl.invoke0(Native Method) ~[?:1.8.0_65]
	at sun.reflect.NativeMethodAccessorImpl.invoke(NativeMethodAccessorImpl.java:62) ~[?:1.8.0_65]
	at sun.reflect.DelegatingMethodAccessorImpl.invoke(DelegatingMethodAccessorImpl.java:43) ~[?:1.8.0_65]
	at java.lang.reflect.Method.invoke(Method.java:497) ~[?:1.8.0_65]
	at org.apache.ibatis.logging.jdbc.PreparedStatementLogger.invoke(PreparedStatementLogger.java:59) ~[mybatis-3.5.1.jar:3.5.1]
	at com.sun.proxy.$Proxy140.execute(Unknown Source) ~[?:?]
	at org.apache.ibatis.executor.statement.PreparedStatementHandler.update(PreparedStatementHandler.java:47) ~[mybatis-3.5.1.jar:3.5.1]
	at org.apache.ibatis.executor.statement.RoutingStatementHandler.update(RoutingStatementHandler.java:74) ~[mybatis-3.5.1.jar:3.5.1]
	at org.apache.ibatis.executor.SimpleExecutor.doUpdate(SimpleExecutor.java:50) ~[mybatis-3.5.1.jar:3.5.1]
	at org.apache.ibatis.executor.BaseExecutor.update(BaseExecutor.java:117) ~[mybatis-3.5.1.jar:3.5.1]
	at org.apache.ibatis.executor.CachingExecutor.update(CachingExecutor.java:76) ~[mybatis-3.5.1.jar:3.5.1]
	at sun.reflect.NativeMethodAccessorImpl.invoke0(Native Method) ~[?:1.8.0_65]
	at sun.reflect.NativeMethodAccessorImpl.invoke(NativeMethodAccessorImpl.java:62) ~[?:1.8.0_65]
	at sun.reflect.DelegatingMethodAccessorImpl.invoke(DelegatingMethodAccessorImpl.java:43) ~[?:1.8.0_65]
	at java.lang.reflect.Method.invoke(Method.java:497) ~[?:1.8.0_65]
	at org.apache.ibatis.plugin.Plugin.invoke(Plugin.java:63) ~[mybatis-3.5.1.jar:3.5.1]
	at com.sun.proxy.$Proxy138.update(Unknown Source) ~[?:?]
	at org.apache.ibatis.session.defaults.DefaultSqlSession.update(DefaultSqlSession.java:197) ~[mybatis-3.5.1.jar:3.5.1]
	at org.apache.ibatis.session.defaults.DefaultSqlSession.insert(DefaultSqlSession.java:184) ~[mybatis-3.5.1.jar:3.5.1]
	at sun.reflect.NativeMethodAccessorImpl.invoke0(Native Method) ~[?:1.8.0_65]
	at sun.reflect.NativeMethodAccessorImpl.invoke(NativeMethodAccessorImpl.java:62) ~[?:1.8.0_65]
	at sun.reflect.DelegatingMethodAccessorImpl.invoke(DelegatingMethodAccessorImpl.java:43) ~[?:1.8.0_65]
	at java.lang.reflect.Method.invoke(Method.java:497) ~[?:1.8.0_65]
	at org.mybatis.spring.SqlSessionTemplate$SqlSessionInterceptor.invoke(SqlSessionTemplate.java:433) ~[mybatis-spring-2.0.1.jar:2.0.1]
	at com.sun.proxy.$Proxy85.insert(Unknown Source) ~[?:?]
	at org.mybatis.spring.SqlSessionTemplate.insert(SqlSessionTemplate.java:278) ~[mybatis-spring-2.0.1.jar:2.0.1]
	at org.apache.ibatis.binding.MapperMethod.execute(MapperMethod.java:62) ~[mybatis-3.5.1.jar:3.5.1]
	at org.apache.ibatis.binding.MapperProxy.invoke(MapperProxy.java:58) ~[mybatis-3.5.1.jar:3.5.1]
	at com.sun.proxy.$Proxy101.addStudent(Unknown Source) ~[?:?]
	at com.zc.tom.service.StudentServiceImpl.importStudentInfo(StudentServiceImpl.java:60) ~[classes/:?]
	at sun.reflect.NativeMethodAccessorImpl.invoke0(Native Method) ~[?:1.8.0_65]
	at sun.reflect.NativeMethodAccessorImpl.invoke(NativeMethodAccessorImpl.java:62) ~[?:1.8.0_65]
	at sun.reflect.DelegatingMethodAccessorImpl.invoke(DelegatingMethodAccessorImpl.java:43) ~[?:1.8.0_65]
	at java.lang.reflect.Method.invoke(Method.java:497) ~[?:1.8.0_65]
	at org.springframework.aop.support.AopUtils.invokeJoinpointUsingReflection(AopUtils.java:343) ~[spring-aop-5.1.6.RELEASE.jar:5.1.6.RELEASE]
	at org.springframework.aop.framework.ReflectiveMethodInvocation.invokeJoinpoint(ReflectiveMethodInvocation.java:198) ~[spring-aop-5.1.6.RELEASE.jar:5.1.6.RELEASE]
	at org.springframework.aop.framework.ReflectiveMethodInvocation.proceed(ReflectiveMethodInvocation.java:163) ~[spring-aop-5.1.6.RELEASE.jar:5.1.6.RELEASE]
	at org.springframework.transaction.interceptor.TransactionAspectSupport.invokeWithinTransaction(TransactionAspectSupport.java:294) [spring-tx-5.1.6.RELEASE.jar:5.1.6.RELEASE]
	at org.springframework.transaction.interceptor.TransactionInterceptor.invoke(TransactionInterceptor.java:98) [spring-tx-5.1.6.RELEASE.jar:5.1.6.RELEASE]
	at org.springframework.aop.framework.ReflectiveMethodInvocation.proceed(ReflectiveMethodInvocation.java:186) [spring-aop-5.1.6.RELEASE.jar:5.1.6.RELEASE]
	at org.springframework.aop.framework.JdkDynamicAopProxy.invoke(JdkDynamicAopProxy.java:212) [spring-aop-5.1.6.RELEASE.jar:5.1.6.RELEASE]
	at com.sun.proxy.$Proxy102.importStudentInfo(Unknown Source) [?:?]
	at com.zc.tom.controller.StudentController.importStudentInfo(StudentController.java:28) [classes/:?]
	at sun.reflect.NativeMethodAccessorImpl.invoke0(Native Method) ~[?:1.8.0_65]
	at sun.reflect.NativeMethodAccessorImpl.invoke(NativeMethodAccessorImpl.java:62) ~[?:1.8.0_65]
	at sun.reflect.DelegatingMethodAccessorImpl.invoke(DelegatingMethodAccessorImpl.java:43) ~[?:1.8.0_65]
	at java.lang.reflect.Method.invoke(Method.java:497) ~[?:1.8.0_65]
	at org.springframework.web.method.support.InvocableHandlerMethod.doInvoke(InvocableHandlerMethod.java:189) [spring-web-5.1.6.RELEASE.jar:5.1.6.RELEASE]
	at org.springframework.web.method.support.InvocableHandlerMethod.invokeForRequest(InvocableHandlerMethod.java:138) [spring-web-5.1.6.RELEASE.jar:5.1.6.RELEASE]
	at org.springframework.web.servlet.mvc.method.annotation.ServletInvocableHandlerMethod.invokeAndHandle(ServletInvocableHandlerMethod.java:102) [spring-webmvc-5.1.6.RELEASE.jar:5.1.6.RELEASE]
	at org.springframework.web.servlet.mvc.method.annotation.RequestMappingHandlerAdapter.invokeHandlerMethod(RequestMappingHandlerAdapter.java:892) [spring-webmvc-5.1.6.RELEASE.jar:5.1.6.RELEASE]
	at org.springframework.web.servlet.mvc.method.annotation.RequestMappingHandlerAdapter.handleInternal(RequestMappingHandlerAdapter.java:797) [spring-webmvc-5.1.6.RELEASE.jar:5.1.6.RELEASE]
	at org.springframework.web.servlet.mvc.method.AbstractHandlerMethodAdapter.handle(AbstractHandlerMethodAdapter.java:87) [spring-webmvc-5.1.6.RELEASE.jar:5.1.6.RELEASE]
	at org.springframework.web.servlet.DispatcherServlet.doDispatch(DispatcherServlet.java:1038) [spring-webmvc-5.1.6.RELEASE.jar:5.1.6.RELEASE]
	at org.springframework.web.servlet.DispatcherServlet.doService(DispatcherServlet.java:942) [spring-webmvc-5.1.6.RELEASE.jar:5.1.6.RELEASE]
	at org.springframework.web.servlet.FrameworkServlet.processRequest(FrameworkServlet.java:1005) [spring-webmvc-5.1.6.RELEASE.jar:5.1.6.RELEASE]
	at org.springframework.web.servlet.FrameworkServlet.doPost(FrameworkServlet.java:908) [spring-webmvc-5.1.6.RELEASE.jar:5.1.6.RELEASE]
	at javax.servlet.http.HttpServlet.service(HttpServlet.java:660) [tomcat-embed-core-9.0.17.jar:9.0.17]
	at org.springframework.web.servlet.FrameworkServlet.service(FrameworkServlet.java:882) [spring-webmvc-5.1.6.RELEASE.jar:5.1.6.RELEASE]
	at javax.servlet.http.HttpServlet.service(HttpServlet.java:741) [tomcat-embed-core-9.0.17.jar:9.0.17]
	at org.apache.catalina.core.ApplicationFilterChain.internalDoFilter(ApplicationFilterChain.java:231) [tomcat-embed-core-9.0.17.jar:9.0.17]
	at org.apache.catalina.core.ApplicationFilterChain.doFilter(ApplicationFilterChain.java:166) [tomcat-embed-core-9.0.17.jar:9.0.17]
	at org.apache.tomcat.websocket.server.WsFilter.doFilter(WsFilter.java:53) [tomcat-embed-websocket-9.0.17.jar:9.0.17]
	at org.apache.catalina.core.ApplicationFilterChain.internalDoFilter(ApplicationFilterChain.java:193) [tomcat-embed-core-9.0.17.jar:9.0.17]
	at org.apache.catalina.core.ApplicationFilterChain.doFilter(ApplicationFilterChain.java:166) [tomcat-embed-core-9.0.17.jar:9.0.17]
	at com.alibaba.druid.support.http.WebStatFilter.doFilter(WebStatFilter.java:123) [druid-1.1.10.jar:1.1.10]
	at org.apache.catalina.core.ApplicationFilterChain.internalDoFilter(ApplicationFilterChain.java:193) [tomcat-embed-core-9.0.17.jar:9.0.17]
	at org.apache.catalina.core.ApplicationFilterChain.doFilter(ApplicationFilterChain.java:166) [tomcat-embed-core-9.0.17.jar:9.0.17]
	at org.springframework.web.filter.RequestContextFilter.doFilterInternal(RequestContextFilter.java:99) [spring-web-5.1.6.RELEASE.jar:5.1.6.RELEASE]
	at org.springframework.web.filter.OncePerRequestFilter.doFilter(OncePerRequestFilter.java:107) [spring-web-5.1.6.RELEASE.jar:5.1.6.RELEASE]
	at org.apache.catalina.core.ApplicationFilterChain.internalDoFilter(ApplicationFilterChain.java:193) [tomcat-embed-core-9.0.17.jar:9.0.17]
	at org.apache.catalina.core.ApplicationFilterChain.doFilter(ApplicationFilterChain.java:166) [tomcat-embed-core-9.0.17.jar:9.0.17]
	at org.springframework.web.filter.FormContentFilter.doFilterInternal(FormContentFilter.java:92) [spring-web-5.1.6.RELEASE.jar:5.1.6.RELEASE]
	at org.springframework.web.filter.OncePerRequestFilter.doFilter(OncePerRequestFilter.java:107) [spring-web-5.1.6.RELEASE.jar:5.1.6.RELEASE]
	at org.apache.catalina.core.ApplicationFilterChain.internalDoFilter(ApplicationFilterChain.java:193) [tomcat-embed-core-9.0.17.jar:9.0.17]
	at org.apache.catalina.core.ApplicationFilterChain.doFilter(ApplicationFilterChain.java:166) [tomcat-embed-core-9.0.17.jar:9.0.17]
	at org.springframework.web.filter.HiddenHttpMethodFilter.doFilterInternal(HiddenHttpMethodFilter.java:93) [spring-web-5.1.6.RELEASE.jar:5.1.6.RELEASE]
	at org.springframework.web.filter.OncePerRequestFilter.doFilter(OncePerRequestFilter.java:107) [spring-web-5.1.6.RELEASE.jar:5.1.6.RELEASE]
	at org.apache.catalina.core.ApplicationFilterChain.internalDoFilter(ApplicationFilterChain.java:193) [tomcat-embed-core-9.0.17.jar:9.0.17]
	at org.apache.catalina.core.ApplicationFilterChain.doFilter(ApplicationFilterChain.java:166) [tomcat-embed-core-9.0.17.jar:9.0.17]
	at org.springframework.web.filter.CharacterEncodingFilter.doFilterInternal(CharacterEncodingFilter.java:200) [spring-web-5.1.6.RELEASE.jar:5.1.6.RELEASE]
	at org.springframework.web.filter.OncePerRequestFilter.doFilter(OncePerRequestFilter.java:107) [spring-web-5.1.6.RELEASE.jar:5.1.6.RELEASE]
	at org.apache.catalina.core.ApplicationFilterChain.internalDoFilter(ApplicationFilterChain.java:193) [tomcat-embed-core-9.0.17.jar:9.0.17]
	at org.apache.catalina.core.ApplicationFilterChain.doFilter(ApplicationFilterChain.java:166) [tomcat-embed-core-9.0.17.jar:9.0.17]
	at org.apache.catalina.core.StandardWrapperValve.invoke(StandardWrapperValve.java:200) [tomcat-embed-core-9.0.17.jar:9.0.17]
	at org.apache.catalina.core.StandardContextValve.invoke(StandardContextValve.java:96) [tomcat-embed-core-9.0.17.jar:9.0.17]
	at org.apache.catalina.authenticator.AuthenticatorBase.invoke(AuthenticatorBase.java:490) [tomcat-embed-core-9.0.17.jar:9.0.17]
	at org.apache.catalina.core.StandardHostValve.invoke(StandardHostValve.java:139) [tomcat-embed-core-9.0.17.jar:9.0.17]
	at org.apache.catalina.valves.ErrorReportValve.invoke(ErrorReportValve.java:92) [tomcat-embed-core-9.0.17.jar:9.0.17]
	at org.apache.catalina.core.StandardEngineValve.invoke(StandardEngineValve.java:74) [tomcat-embed-core-9.0.17.jar:9.0.17]
	at org.apache.catalina.connector.CoyoteAdapter.service(CoyoteAdapter.java:343) [tomcat-embed-core-9.0.17.jar:9.0.17]
	at org.apache.coyote.http11.Http11Processor.service(Http11Processor.java:408) [tomcat-embed-core-9.0.17.jar:9.0.17]
	at org.apache.coyote.AbstractProcessorLight.process(AbstractProcessorLight.java:66) [tomcat-embed-core-9.0.17.jar:9.0.17]
	at org.apache.coyote.AbstractProtocol$ConnectionHandler.process(AbstractProtocol.java:834) [tomcat-embed-core-9.0.17.jar:9.0.17]
	at org.apache.tomcat.util.net.NioEndpoint$SocketProcessor.doRun(NioEndpoint.java:1415) [tomcat-embed-core-9.0.17.jar:9.0.17]
	at org.apache.tomcat.util.net.SocketProcessorBase.run(SocketProcessorBase.java:49) [tomcat-embed-core-9.0.17.jar:9.0.17]
	at java.util.concurrent.ThreadPoolExecutor.runWorker(ThreadPoolExecutor.java:1142) [?:1.8.0_65]
	at java.util.concurrent.ThreadPoolExecutor$Worker.run(ThreadPoolExecutor.java:617) [?:1.8.0_65]
	at org.apache.tomcat.util.threads.TaskThread$WrappingRunnable.run(TaskThread.java:61) [tomcat-embed-core-9.0.17.jar:9.0.17]
	at java.lang.Thread.run(Thread.java:745) [?:1.8.0_65]

[2019-04-23 20:10:11] DEBUG 137 statementLog - {conn-10005, pstmt-20001} closed
[2019-04-23 20:14:05] DEBUG 137 statementLog - {conn-10005, pstmt-20000} created. SELECT classUUID FROM `tb_class` WHERE className = ?
[2019-04-23 20:14:05] DEBUG 134 statementLog - {conn-10005, pstmt-20000} created. SELECT classUUID FROM `tb_class` WHERE className = ?
[2019-04-23 20:14:05] DEBUG 134 statementLog - {conn-10005, pstmt-20000} Parameters : [BB班]
[2019-04-23 20:14:05] DEBUG 134 statementLog - {conn-10005, pstmt-20000} Types : [VARCHAR]
[2019-04-23 20:14:05] DEBUG 137 statementLog - {conn-10005, pstmt-20000} Parameters : [BB班]
[2019-04-23 20:14:05] DEBUG 137 statementLog - {conn-10005, pstmt-20000} Types : [VARCHAR]
[2019-04-23 20:14:05] DEBUG 137 statementLog - {conn-10005, pstmt-20000} executed. 10.062826 millis. SELECT classUUID FROM `tb_class` WHERE className = ?
[2019-04-23 20:14:05] DEBUG 134 statementLog - {conn-10005, pstmt-20000} executed. 10.536877 millis. SELECT classUUID FROM `tb_class` WHERE className = ?
[2019-04-23 20:14:05] DEBUG 137 statementLog - {conn-10005, pstmt-20000} closed
[2019-04-23 20:15:38] DEBUG 137 statementLog - {conn-10005, pstmt-20000} created. SELECT classUUID FROM `tb_class` WHERE className = ?
[2019-04-23 20:15:38] DEBUG 134 statementLog - {conn-10005, pstmt-20000} created. SELECT classUUID FROM `tb_class` WHERE className = ?
[2019-04-23 20:15:38] DEBUG 134 statementLog - {conn-10005, pstmt-20000} Parameters : [BB班]
[2019-04-23 20:15:38] DEBUG 134 statementLog - {conn-10005, pstmt-20000} Types : [VARCHAR]
[2019-04-23 20:15:38] DEBUG 137 statementLog - {conn-10005, pstmt-20000} Parameters : [BB班]
[2019-04-23 20:15:38] DEBUG 137 statementLog - {conn-10005, pstmt-20000} Types : [VARCHAR]
[2019-04-23 20:15:38] DEBUG 137 statementLog - {conn-10005, pstmt-20000} executed. 9.917532 millis. SELECT classUUID FROM `tb_class` WHERE className = ?
[2019-04-23 20:15:38] DEBUG 134 statementLog - {conn-10005, pstmt-20000} executed. 9.917532 millis. SELECT classUUID FROM `tb_class` WHERE className = ?
[2019-04-23 20:15:38] DEBUG 137 statementLog - {conn-10005, pstmt-20000} closed
[2019-04-23 20:15:38] DEBUG 137 statementLog - {conn-10005, pstmt-20001} created. INSERT INTO tb_stu_position(stuUUID,postID) VALUES
          
            (?,?)
[2019-04-23 20:15:38] DEBUG 134 statementLog - {conn-10005, pstmt-20001} created. INSERT INTO tb_stu_position(stuUUID,postID) VALUES
          
            (?,?)
[2019-04-23 20:15:38] DEBUG 134 statementLog - {conn-10005, pstmt-20001} Parameters : [391e71829f1c41608c4aa0f0e6bd79b1, 6]
[2019-04-23 20:15:38] DEBUG 134 statementLog - {conn-10005, pstmt-20001} Types : [VARCHAR, INTEGER]
[2019-04-23 20:15:38] DEBUG 137 statementLog - {conn-10005, pstmt-20001} Parameters : [391e71829f1c41608c4aa0f0e6bd79b1, 6]
[2019-04-23 20:15:38] DEBUG 137 statementLog - {conn-10005, pstmt-20001} Types : [VARCHAR, INTEGER]
[2019-04-23 20:15:38] ERROR 152 statementLogError - {conn-10005, pstmt-20001} execute error. INSERT INTO tb_stu_position(stuUUID,postID) VALUES
          
            (?,?) java.sql.SQLIntegrityConstraintViolationException: Cannot add or update a child row: a foreign key constraint fails (`attendance_system_db`.`tb_stu_position`, CONSTRAINT `tb_stu_position_ibfk_1` FOREIGN KEY (`stuUUID`) REFERENCES `tb_student` (`stuUUID`))
	at com.mysql.cj.jdbc.exceptions.SQLError.createSQLException(SQLError.java:117) ~[mysql-connector-java-8.0.15.jar:8.0.15]
	at com.mysql.cj.jdbc.exceptions.SQLError.createSQLException(SQLError.java:97) ~[mysql-connector-java-8.0.15.jar:8.0.15]
	at com.mysql.cj.jdbc.exceptions.SQLExceptionsMapping.translateException(SQLExceptionsMapping.java:122) ~[mysql-connector-java-8.0.15.jar:8.0.15]
	at com.mysql.cj.jdbc.ClientPreparedStatement.executeInternal(ClientPreparedStatement.java:970) ~[mysql-connector-java-8.0.15.jar:8.0.15]
	at com.mysql.cj.jdbc.ClientPreparedStatement.execute(ClientPreparedStatement.java:387) ~[mysql-connector-java-8.0.15.jar:8.0.15]
	at com.alibaba.druid.filter.FilterChainImpl.preparedStatement_execute(FilterChainImpl.java:3409) ~[druid-1.1.10.jar:1.1.10]
	at com.alibaba.druid.filter.FilterEventAdapter.preparedStatement_execute(FilterEventAdapter.java:440) ~[druid-1.1.10.jar:1.1.10]
	at com.alibaba.druid.filter.FilterChainImpl.preparedStatement_execute(FilterChainImpl.java:3407) ~[druid-1.1.10.jar:1.1.10]
	at com.alibaba.druid.wall.WallFilter.preparedStatement_execute(WallFilter.java:619) ~[druid-1.1.10.jar:1.1.10]
	at com.alibaba.druid.filter.FilterChainImpl.preparedStatement_execute(FilterChainImpl.java:3407) ~[druid-1.1.10.jar:1.1.10]
	at com.alibaba.druid.filter.FilterEventAdapter.preparedStatement_execute(FilterEventAdapter.java:440) ~[druid-1.1.10.jar:1.1.10]
	at com.alibaba.druid.filter.FilterChainImpl.preparedStatement_execute(FilterChainImpl.java:3407) ~[druid-1.1.10.jar:1.1.10]
	at com.alibaba.druid.filter.FilterEventAdapter.preparedStatement_execute(FilterEventAdapter.java:440) ~[druid-1.1.10.jar:1.1.10]
	at com.alibaba.druid.filter.FilterChainImpl.preparedStatement_execute(FilterChainImpl.java:3407) ~[druid-1.1.10.jar:1.1.10]
	at com.alibaba.druid.proxy.jdbc.PreparedStatementProxyImpl.execute(PreparedStatementProxyImpl.java:167) ~[druid-1.1.10.jar:1.1.10]
	at com.alibaba.druid.pool.DruidPooledPreparedStatement.execute(DruidPooledPreparedStatement.java:498) ~[druid-1.1.10.jar:1.1.10]
	at sun.reflect.NativeMethodAccessorImpl.invoke0(Native Method) ~[?:1.8.0_65]
	at sun.reflect.NativeMethodAccessorImpl.invoke(NativeMethodAccessorImpl.java:62) ~[?:1.8.0_65]
	at sun.reflect.DelegatingMethodAccessorImpl.invoke(DelegatingMethodAccessorImpl.java:43) ~[?:1.8.0_65]
	at java.lang.reflect.Method.invoke(Method.java:497) ~[?:1.8.0_65]
	at org.apache.ibatis.logging.jdbc.PreparedStatementLogger.invoke(PreparedStatementLogger.java:59) ~[mybatis-3.5.1.jar:3.5.1]
	at com.sun.proxy.$Proxy140.execute(Unknown Source) ~[?:?]
	at org.apache.ibatis.executor.statement.PreparedStatementHandler.update(PreparedStatementHandler.java:47) ~[mybatis-3.5.1.jar:3.5.1]
	at org.apache.ibatis.executor.statement.RoutingStatementHandler.update(RoutingStatementHandler.java:74) ~[mybatis-3.5.1.jar:3.5.1]
	at org.apache.ibatis.executor.SimpleExecutor.doUpdate(SimpleExecutor.java:50) ~[mybatis-3.5.1.jar:3.5.1]
	at org.apache.ibatis.executor.BaseExecutor.update(BaseExecutor.java:117) ~[mybatis-3.5.1.jar:3.5.1]
	at org.apache.ibatis.executor.CachingExecutor.update(CachingExecutor.java:76) ~[mybatis-3.5.1.jar:3.5.1]
	at sun.reflect.NativeMethodAccessorImpl.invoke0(Native Method) ~[?:1.8.0_65]
	at sun.reflect.NativeMethodAccessorImpl.invoke(NativeMethodAccessorImpl.java:62) ~[?:1.8.0_65]
	at sun.reflect.DelegatingMethodAccessorImpl.invoke(DelegatingMethodAccessorImpl.java:43) ~[?:1.8.0_65]
	at java.lang.reflect.Method.invoke(Method.java:497) ~[?:1.8.0_65]
	at org.apache.ibatis.plugin.Plugin.invoke(Plugin.java:63) ~[mybatis-3.5.1.jar:3.5.1]
	at com.sun.proxy.$Proxy138.update(Unknown Source) ~[?:?]
	at org.apache.ibatis.session.defaults.DefaultSqlSession.update(DefaultSqlSession.java:197) ~[mybatis-3.5.1.jar:3.5.1]
	at org.apache.ibatis.session.defaults.DefaultSqlSession.insert(DefaultSqlSession.java:184) ~[mybatis-3.5.1.jar:3.5.1]
	at sun.reflect.NativeMethodAccessorImpl.invoke0(Native Method) ~[?:1.8.0_65]
	at sun.reflect.NativeMethodAccessorImpl.invoke(NativeMethodAccessorImpl.java:62) ~[?:1.8.0_65]
	at sun.reflect.DelegatingMethodAccessorImpl.invoke(DelegatingMethodAccessorImpl.java:43) ~[?:1.8.0_65]
	at java.lang.reflect.Method.invoke(Method.java:497) ~[?:1.8.0_65]
	at org.mybatis.spring.SqlSessionTemplate$SqlSessionInterceptor.invoke(SqlSessionTemplate.java:433) ~[mybatis-spring-2.0.1.jar:2.0.1]
	at com.sun.proxy.$Proxy85.insert(Unknown Source) ~[?:?]
	at org.mybatis.spring.SqlSessionTemplate.insert(SqlSessionTemplate.java:278) ~[mybatis-spring-2.0.1.jar:2.0.1]
	at org.apache.ibatis.binding.MapperMethod.execute(MapperMethod.java:62) ~[mybatis-3.5.1.jar:3.5.1]
	at org.apache.ibatis.binding.MapperProxy.invoke(MapperProxy.java:58) ~[mybatis-3.5.1.jar:3.5.1]
	at com.sun.proxy.$Proxy101.addStudent(Unknown Source) ~[?:?]
	at com.zc.tom.service.StudentServiceImpl.importStudentInfo(StudentServiceImpl.java:60) ~[classes/:?]
	at sun.reflect.NativeMethodAccessorImpl.invoke0(Native Method) ~[?:1.8.0_65]
	at sun.reflect.NativeMethodAccessorImpl.invoke(NativeMethodAccessorImpl.java:62) ~[?:1.8.0_65]
	at sun.reflect.DelegatingMethodAccessorImpl.invoke(DelegatingMethodAccessorImpl.java:43) ~[?:1.8.0_65]
	at java.lang.reflect.Method.invoke(Method.java:497) ~[?:1.8.0_65]
	at org.springframework.aop.support.AopUtils.invokeJoinpointUsingReflection(AopUtils.java:343) ~[spring-aop-5.1.6.RELEASE.jar:5.1.6.RELEASE]
	at org.springframework.aop.framework.ReflectiveMethodInvocation.invokeJoinpoint(ReflectiveMethodInvocation.java:198) ~[spring-aop-5.1.6.RELEASE.jar:5.1.6.RELEASE]
	at org.springframework.aop.framework.ReflectiveMethodInvocation.proceed(ReflectiveMethodInvocation.java:163) ~[spring-aop-5.1.6.RELEASE.jar:5.1.6.RELEASE]
	at org.springframework.transaction.interceptor.TransactionAspectSupport.invokeWithinTransaction(TransactionAspectSupport.java:294) [spring-tx-5.1.6.RELEASE.jar:5.1.6.RELEASE]
	at org.springframework.transaction.interceptor.TransactionInterceptor.invoke(TransactionInterceptor.java:98) [spring-tx-5.1.6.RELEASE.jar:5.1.6.RELEASE]
	at org.springframework.aop.framework.ReflectiveMethodInvocation.proceed(ReflectiveMethodInvocation.java:186) [spring-aop-5.1.6.RELEASE.jar:5.1.6.RELEASE]
	at org.springframework.aop.framework.JdkDynamicAopProxy.invoke(JdkDynamicAopProxy.java:212) [spring-aop-5.1.6.RELEASE.jar:5.1.6.RELEASE]
	at com.sun.proxy.$Proxy102.importStudentInfo(Unknown Source) [?:?]
	at com.zc.tom.controller.StudentController.importStudentInfo(StudentController.java:28) [classes/:?]
	at sun.reflect.NativeMethodAccessorImpl.invoke0(Native Method) ~[?:1.8.0_65]
	at sun.reflect.NativeMethodAccessorImpl.invoke(NativeMethodAccessorImpl.java:62) ~[?:1.8.0_65]
	at sun.reflect.DelegatingMethodAccessorImpl.invoke(DelegatingMethodAccessorImpl.java:43) ~[?:1.8.0_65]
	at java.lang.reflect.Method.invoke(Method.java:497) ~[?:1.8.0_65]
	at org.springframework.web.method.support.InvocableHandlerMethod.doInvoke(InvocableHandlerMethod.java:189) [spring-web-5.1.6.RELEASE.jar:5.1.6.RELEASE]
	at org.springframework.web.method.support.InvocableHandlerMethod.invokeForRequest(InvocableHandlerMethod.java:138) [spring-web-5.1.6.RELEASE.jar:5.1.6.RELEASE]
	at org.springframework.web.servlet.mvc.method.annotation.ServletInvocableHandlerMethod.invokeAndHandle(ServletInvocableHandlerMethod.java:102) [spring-webmvc-5.1.6.RELEASE.jar:5.1.6.RELEASE]
	at org.springframework.web.servlet.mvc.method.annotation.RequestMappingHandlerAdapter.invokeHandlerMethod(RequestMappingHandlerAdapter.java:892) [spring-webmvc-5.1.6.RELEASE.jar:5.1.6.RELEASE]
	at org.springframework.web.servlet.mvc.method.annotation.RequestMappingHandlerAdapter.handleInternal(RequestMappingHandlerAdapter.java:797) [spring-webmvc-5.1.6.RELEASE.jar:5.1.6.RELEASE]
	at org.springframework.web.servlet.mvc.method.AbstractHandlerMethodAdapter.handle(AbstractHandlerMethodAdapter.java:87) [spring-webmvc-5.1.6.RELEASE.jar:5.1.6.RELEASE]
	at org.springframework.web.servlet.DispatcherServlet.doDispatch(DispatcherServlet.java:1038) [spring-webmvc-5.1.6.RELEASE.jar:5.1.6.RELEASE]
	at org.springframework.web.servlet.DispatcherServlet.doService(DispatcherServlet.java:942) [spring-webmvc-5.1.6.RELEASE.jar:5.1.6.RELEASE]
	at org.springframework.web.servlet.FrameworkServlet.processRequest(FrameworkServlet.java:1005) [spring-webmvc-5.1.6.RELEASE.jar:5.1.6.RELEASE]
	at org.springframework.web.servlet.FrameworkServlet.doPost(FrameworkServlet.java:908) [spring-webmvc-5.1.6.RELEASE.jar:5.1.6.RELEASE]
	at javax.servlet.http.HttpServlet.service(HttpServlet.java:660) [tomcat-embed-core-9.0.17.jar:9.0.17]
	at org.springframework.web.servlet.FrameworkServlet.service(FrameworkServlet.java:882) [spring-webmvc-5.1.6.RELEASE.jar:5.1.6.RELEASE]
	at javax.servlet.http.HttpServlet.service(HttpServlet.java:741) [tomcat-embed-core-9.0.17.jar:9.0.17]
	at org.apache.catalina.core.ApplicationFilterChain.internalDoFilter(ApplicationFilterChain.java:231) [tomcat-embed-core-9.0.17.jar:9.0.17]
	at org.apache.catalina.core.ApplicationFilterChain.doFilter(ApplicationFilterChain.java:166) [tomcat-embed-core-9.0.17.jar:9.0.17]
	at org.apache.tomcat.websocket.server.WsFilter.doFilter(WsFilter.java:53) [tomcat-embed-websocket-9.0.17.jar:9.0.17]
	at org.apache.catalina.core.ApplicationFilterChain.internalDoFilter(ApplicationFilterChain.java:193) [tomcat-embed-core-9.0.17.jar:9.0.17]
	at org.apache.catalina.core.ApplicationFilterChain.doFilter(ApplicationFilterChain.java:166) [tomcat-embed-core-9.0.17.jar:9.0.17]
	at com.alibaba.druid.support.http.WebStatFilter.doFilter(WebStatFilter.java:123) [druid-1.1.10.jar:1.1.10]
	at org.apache.catalina.core.ApplicationFilterChain.internalDoFilter(ApplicationFilterChain.java:193) [tomcat-embed-core-9.0.17.jar:9.0.17]
	at org.apache.catalina.core.ApplicationFilterChain.doFilter(ApplicationFilterChain.java:166) [tomcat-embed-core-9.0.17.jar:9.0.17]
	at org.springframework.web.filter.RequestContextFilter.doFilterInternal(RequestContextFilter.java:99) [spring-web-5.1.6.RELEASE.jar:5.1.6.RELEASE]
	at org.springframework.web.filter.OncePerRequestFilter.doFilter(OncePerRequestFilter.java:107) [spring-web-5.1.6.RELEASE.jar:5.1.6.RELEASE]
	at org.apache.catalina.core.ApplicationFilterChain.internalDoFilter(ApplicationFilterChain.java:193) [tomcat-embed-core-9.0.17.jar:9.0.17]
	at org.apache.catalina.core.ApplicationFilterChain.doFilter(ApplicationFilterChain.java:166) [tomcat-embed-core-9.0.17.jar:9.0.17]
	at org.springframework.web.filter.FormContentFilter.doFilterInternal(FormContentFilter.java:92) [spring-web-5.1.6.RELEASE.jar:5.1.6.RELEASE]
	at org.springframework.web.filter.OncePerRequestFilter.doFilter(OncePerRequestFilter.java:107) [spring-web-5.1.6.RELEASE.jar:5.1.6.RELEASE]
	at org.apache.catalina.core.ApplicationFilterChain.internalDoFilter(ApplicationFilterChain.java:193) [tomcat-embed-core-9.0.17.jar:9.0.17]
	at org.apache.catalina.core.ApplicationFilterChain.doFilter(ApplicationFilterChain.java:166) [tomcat-embed-core-9.0.17.jar:9.0.17]
	at org.springframework.web.filter.HiddenHttpMethodFilter.doFilterInternal(HiddenHttpMethodFilter.java:93) [spring-web-5.1.6.RELEASE.jar:5.1.6.RELEASE]
	at org.springframework.web.filter.OncePerRequestFilter.doFilter(OncePerRequestFilter.java:107) [spring-web-5.1.6.RELEASE.jar:5.1.6.RELEASE]
	at org.apache.catalina.core.ApplicationFilterChain.internalDoFilter(ApplicationFilterChain.java:193) [tomcat-embed-core-9.0.17.jar:9.0.17]
	at org.apache.catalina.core.ApplicationFilterChain.doFilter(ApplicationFilterChain.java:166) [tomcat-embed-core-9.0.17.jar:9.0.17]
	at org.springframework.web.filter.CharacterEncodingFilter.doFilterInternal(CharacterEncodingFilter.java:200) [spring-web-5.1.6.RELEASE.jar:5.1.6.RELEASE]
	at org.springframework.web.filter.OncePerRequestFilter.doFilter(OncePerRequestFilter.java:107) [spring-web-5.1.6.RELEASE.jar:5.1.6.RELEASE]
	at org.apache.catalina.core.ApplicationFilterChain.internalDoFilter(ApplicationFilterChain.java:193) [tomcat-embed-core-9.0.17.jar:9.0.17]
	at org.apache.catalina.core.ApplicationFilterChain.doFilter(ApplicationFilterChain.java:166) [tomcat-embed-core-9.0.17.jar:9.0.17]
	at org.apache.catalina.core.StandardWrapperValve.invoke(StandardWrapperValve.java:200) [tomcat-embed-core-9.0.17.jar:9.0.17]
	at org.apache.catalina.core.StandardContextValve.invoke(StandardContextValve.java:96) [tomcat-embed-core-9.0.17.jar:9.0.17]
	at org.apache.catalina.authenticator.AuthenticatorBase.invoke(AuthenticatorBase.java:490) [tomcat-embed-core-9.0.17.jar:9.0.17]
	at org.apache.catalina.core.StandardHostValve.invoke(StandardHostValve.java:139) [tomcat-embed-core-9.0.17.jar:9.0.17]
	at org.apache.catalina.valves.ErrorReportValve.invoke(ErrorReportValve.java:92) [tomcat-embed-core-9.0.17.jar:9.0.17]
	at org.apache.catalina.core.StandardEngineValve.invoke(StandardEngineValve.java:74) [tomcat-embed-core-9.0.17.jar:9.0.17]
	at org.apache.catalina.connector.CoyoteAdapter.service(CoyoteAdapter.java:343) [tomcat-embed-core-9.0.17.jar:9.0.17]
	at org.apache.coyote.http11.Http11Processor.service(Http11Processor.java:408) [tomcat-embed-core-9.0.17.jar:9.0.17]
	at org.apache.coyote.AbstractProcessorLight.process(AbstractProcessorLight.java:66) [tomcat-embed-core-9.0.17.jar:9.0.17]
	at org.apache.coyote.AbstractProtocol$ConnectionHandler.process(AbstractProtocol.java:834) [tomcat-embed-core-9.0.17.jar:9.0.17]
	at org.apache.tomcat.util.net.NioEndpoint$SocketProcessor.doRun(NioEndpoint.java:1415) [tomcat-embed-core-9.0.17.jar:9.0.17]
	at org.apache.tomcat.util.net.SocketProcessorBase.run(SocketProcessorBase.java:49) [tomcat-embed-core-9.0.17.jar:9.0.17]
	at java.util.concurrent.ThreadPoolExecutor.runWorker(ThreadPoolExecutor.java:1142) [?:1.8.0_65]
	at java.util.concurrent.ThreadPoolExecutor$Worker.run(ThreadPoolExecutor.java:617) [?:1.8.0_65]
	at org.apache.tomcat.util.threads.TaskThread$WrappingRunnable.run(TaskThread.java:61) [tomcat-embed-core-9.0.17.jar:9.0.17]
	at java.lang.Thread.run(Thread.java:745) [?:1.8.0_65]

[2019-04-23 20:15:38] ERROR 149 statementLogError - {conn-10005, pstmt-20001} execute error. INSERT INTO tb_stu_position(stuUUID,postID) VALUES
          
            (?,?) java.sql.SQLIntegrityConstraintViolationException: Cannot add or update a child row: a foreign key constraint fails (`attendance_system_db`.`tb_stu_position`, CONSTRAINT `tb_stu_position_ibfk_1` FOREIGN KEY (`stuUUID`) REFERENCES `tb_student` (`stuUUID`))
	at com.mysql.cj.jdbc.exceptions.SQLError.createSQLException(SQLError.java:117) ~[mysql-connector-java-8.0.15.jar:8.0.15]
	at com.mysql.cj.jdbc.exceptions.SQLError.createSQLException(SQLError.java:97) ~[mysql-connector-java-8.0.15.jar:8.0.15]
	at com.mysql.cj.jdbc.exceptions.SQLExceptionsMapping.translateException(SQLExceptionsMapping.java:122) ~[mysql-connector-java-8.0.15.jar:8.0.15]
	at com.mysql.cj.jdbc.ClientPreparedStatement.executeInternal(ClientPreparedStatement.java:970) ~[mysql-connector-java-8.0.15.jar:8.0.15]
	at com.mysql.cj.jdbc.ClientPreparedStatement.execute(ClientPreparedStatement.java:387) ~[mysql-connector-java-8.0.15.jar:8.0.15]
	at com.alibaba.druid.filter.FilterChainImpl.preparedStatement_execute(FilterChainImpl.java:3409) ~[druid-1.1.10.jar:1.1.10]
	at com.alibaba.druid.filter.FilterEventAdapter.preparedStatement_execute(FilterEventAdapter.java:440) ~[druid-1.1.10.jar:1.1.10]
	at com.alibaba.druid.filter.FilterChainImpl.preparedStatement_execute(FilterChainImpl.java:3407) ~[druid-1.1.10.jar:1.1.10]
	at com.alibaba.druid.wall.WallFilter.preparedStatement_execute(WallFilter.java:619) ~[druid-1.1.10.jar:1.1.10]
	at com.alibaba.druid.filter.FilterChainImpl.preparedStatement_execute(FilterChainImpl.java:3407) ~[druid-1.1.10.jar:1.1.10]
	at com.alibaba.druid.filter.FilterEventAdapter.preparedStatement_execute(FilterEventAdapter.java:440) ~[druid-1.1.10.jar:1.1.10]
	at com.alibaba.druid.filter.FilterChainImpl.preparedStatement_execute(FilterChainImpl.java:3407) ~[druid-1.1.10.jar:1.1.10]
	at com.alibaba.druid.filter.FilterEventAdapter.preparedStatement_execute(FilterEventAdapter.java:440) ~[druid-1.1.10.jar:1.1.10]
	at com.alibaba.druid.filter.FilterChainImpl.preparedStatement_execute(FilterChainImpl.java:3407) ~[druid-1.1.10.jar:1.1.10]
	at com.alibaba.druid.proxy.jdbc.PreparedStatementProxyImpl.execute(PreparedStatementProxyImpl.java:167) ~[druid-1.1.10.jar:1.1.10]
	at com.alibaba.druid.pool.DruidPooledPreparedStatement.execute(DruidPooledPreparedStatement.java:498) ~[druid-1.1.10.jar:1.1.10]
	at sun.reflect.NativeMethodAccessorImpl.invoke0(Native Method) ~[?:1.8.0_65]
	at sun.reflect.NativeMethodAccessorImpl.invoke(NativeMethodAccessorImpl.java:62) ~[?:1.8.0_65]
	at sun.reflect.DelegatingMethodAccessorImpl.invoke(DelegatingMethodAccessorImpl.java:43) ~[?:1.8.0_65]
	at java.lang.reflect.Method.invoke(Method.java:497) ~[?:1.8.0_65]
	at org.apache.ibatis.logging.jdbc.PreparedStatementLogger.invoke(PreparedStatementLogger.java:59) ~[mybatis-3.5.1.jar:3.5.1]
	at com.sun.proxy.$Proxy140.execute(Unknown Source) ~[?:?]
	at org.apache.ibatis.executor.statement.PreparedStatementHandler.update(PreparedStatementHandler.java:47) ~[mybatis-3.5.1.jar:3.5.1]
	at org.apache.ibatis.executor.statement.RoutingStatementHandler.update(RoutingStatementHandler.java:74) ~[mybatis-3.5.1.jar:3.5.1]
	at org.apache.ibatis.executor.SimpleExecutor.doUpdate(SimpleExecutor.java:50) ~[mybatis-3.5.1.jar:3.5.1]
	at org.apache.ibatis.executor.BaseExecutor.update(BaseExecutor.java:117) ~[mybatis-3.5.1.jar:3.5.1]
	at org.apache.ibatis.executor.CachingExecutor.update(CachingExecutor.java:76) ~[mybatis-3.5.1.jar:3.5.1]
	at sun.reflect.NativeMethodAccessorImpl.invoke0(Native Method) ~[?:1.8.0_65]
	at sun.reflect.NativeMethodAccessorImpl.invoke(NativeMethodAccessorImpl.java:62) ~[?:1.8.0_65]
	at sun.reflect.DelegatingMethodAccessorImpl.invoke(DelegatingMethodAccessorImpl.java:43) ~[?:1.8.0_65]
	at java.lang.reflect.Method.invoke(Method.java:497) ~[?:1.8.0_65]
	at org.apache.ibatis.plugin.Plugin.invoke(Plugin.java:63) ~[mybatis-3.5.1.jar:3.5.1]
	at com.sun.proxy.$Proxy138.update(Unknown Source) ~[?:?]
	at org.apache.ibatis.session.defaults.DefaultSqlSession.update(DefaultSqlSession.java:197) ~[mybatis-3.5.1.jar:3.5.1]
	at org.apache.ibatis.session.defaults.DefaultSqlSession.insert(DefaultSqlSession.java:184) ~[mybatis-3.5.1.jar:3.5.1]
	at sun.reflect.NativeMethodAccessorImpl.invoke0(Native Method) ~[?:1.8.0_65]
	at sun.reflect.NativeMethodAccessorImpl.invoke(NativeMethodAccessorImpl.java:62) ~[?:1.8.0_65]
	at sun.reflect.DelegatingMethodAccessorImpl.invoke(DelegatingMethodAccessorImpl.java:43) ~[?:1.8.0_65]
	at java.lang.reflect.Method.invoke(Method.java:497) ~[?:1.8.0_65]
	at org.mybatis.spring.SqlSessionTemplate$SqlSessionInterceptor.invoke(SqlSessionTemplate.java:433) ~[mybatis-spring-2.0.1.jar:2.0.1]
	at com.sun.proxy.$Proxy85.insert(Unknown Source) ~[?:?]
	at org.mybatis.spring.SqlSessionTemplate.insert(SqlSessionTemplate.java:278) ~[mybatis-spring-2.0.1.jar:2.0.1]
	at org.apache.ibatis.binding.MapperMethod.execute(MapperMethod.java:62) ~[mybatis-3.5.1.jar:3.5.1]
	at org.apache.ibatis.binding.MapperProxy.invoke(MapperProxy.java:58) ~[mybatis-3.5.1.jar:3.5.1]
	at com.sun.proxy.$Proxy101.addStudent(Unknown Source) ~[?:?]
	at com.zc.tom.service.StudentServiceImpl.importStudentInfo(StudentServiceImpl.java:60) ~[classes/:?]
	at sun.reflect.NativeMethodAccessorImpl.invoke0(Native Method) ~[?:1.8.0_65]
	at sun.reflect.NativeMethodAccessorImpl.invoke(NativeMethodAccessorImpl.java:62) ~[?:1.8.0_65]
	at sun.reflect.DelegatingMethodAccessorImpl.invoke(DelegatingMethodAccessorImpl.java:43) ~[?:1.8.0_65]
	at java.lang.reflect.Method.invoke(Method.java:497) ~[?:1.8.0_65]
	at org.springframework.aop.support.AopUtils.invokeJoinpointUsingReflection(AopUtils.java:343) ~[spring-aop-5.1.6.RELEASE.jar:5.1.6.RELEASE]
	at org.springframework.aop.framework.ReflectiveMethodInvocation.invokeJoinpoint(ReflectiveMethodInvocation.java:198) ~[spring-aop-5.1.6.RELEASE.jar:5.1.6.RELEASE]
	at org.springframework.aop.framework.ReflectiveMethodInvocation.proceed(ReflectiveMethodInvocation.java:163) ~[spring-aop-5.1.6.RELEASE.jar:5.1.6.RELEASE]
	at org.springframework.transaction.interceptor.TransactionAspectSupport.invokeWithinTransaction(TransactionAspectSupport.java:294) [spring-tx-5.1.6.RELEASE.jar:5.1.6.RELEASE]
	at org.springframework.transaction.interceptor.TransactionInterceptor.invoke(TransactionInterceptor.java:98) [spring-tx-5.1.6.RELEASE.jar:5.1.6.RELEASE]
	at org.springframework.aop.framework.ReflectiveMethodInvocation.proceed(ReflectiveMethodInvocation.java:186) [spring-aop-5.1.6.RELEASE.jar:5.1.6.RELEASE]
	at org.springframework.aop.framework.JdkDynamicAopProxy.invoke(JdkDynamicAopProxy.java:212) [spring-aop-5.1.6.RELEASE.jar:5.1.6.RELEASE]
	at com.sun.proxy.$Proxy102.importStudentInfo(Unknown Source) [?:?]
	at com.zc.tom.controller.StudentController.importStudentInfo(StudentController.java:28) [classes/:?]
	at sun.reflect.NativeMethodAccessorImpl.invoke0(Native Method) ~[?:1.8.0_65]
	at sun.reflect.NativeMethodAccessorImpl.invoke(NativeMethodAccessorImpl.java:62) ~[?:1.8.0_65]
	at sun.reflect.DelegatingMethodAccessorImpl.invoke(DelegatingMethodAccessorImpl.java:43) ~[?:1.8.0_65]
	at java.lang.reflect.Method.invoke(Method.java:497) ~[?:1.8.0_65]
	at org.springframework.web.method.support.InvocableHandlerMethod.doInvoke(InvocableHandlerMethod.java:189) [spring-web-5.1.6.RELEASE.jar:5.1.6.RELEASE]
	at org.springframework.web.method.support.InvocableHandlerMethod.invokeForRequest(InvocableHandlerMethod.java:138) [spring-web-5.1.6.RELEASE.jar:5.1.6.RELEASE]
	at org.springframework.web.servlet.mvc.method.annotation.ServletInvocableHandlerMethod.invokeAndHandle(ServletInvocableHandlerMethod.java:102) [spring-webmvc-5.1.6.RELEASE.jar:5.1.6.RELEASE]
	at org.springframework.web.servlet.mvc.method.annotation.RequestMappingHandlerAdapter.invokeHandlerMethod(RequestMappingHandlerAdapter.java:892) [spring-webmvc-5.1.6.RELEASE.jar:5.1.6.RELEASE]
	at org.springframework.web.servlet.mvc.method.annotation.RequestMappingHandlerAdapter.handleInternal(RequestMappingHandlerAdapter.java:797) [spring-webmvc-5.1.6.RELEASE.jar:5.1.6.RELEASE]
	at org.springframework.web.servlet.mvc.method.AbstractHandlerMethodAdapter.handle(AbstractHandlerMethodAdapter.java:87) [spring-webmvc-5.1.6.RELEASE.jar:5.1.6.RELEASE]
	at org.springframework.web.servlet.DispatcherServlet.doDispatch(DispatcherServlet.java:1038) [spring-webmvc-5.1.6.RELEASE.jar:5.1.6.RELEASE]
	at org.springframework.web.servlet.DispatcherServlet.doService(DispatcherServlet.java:942) [spring-webmvc-5.1.6.RELEASE.jar:5.1.6.RELEASE]
	at org.springframework.web.servlet.FrameworkServlet.processRequest(FrameworkServlet.java:1005) [spring-webmvc-5.1.6.RELEASE.jar:5.1.6.RELEASE]
	at org.springframework.web.servlet.FrameworkServlet.doPost(FrameworkServlet.java:908) [spring-webmvc-5.1.6.RELEASE.jar:5.1.6.RELEASE]
	at javax.servlet.http.HttpServlet.service(HttpServlet.java:660) [tomcat-embed-core-9.0.17.jar:9.0.17]
	at org.springframework.web.servlet.FrameworkServlet.service(FrameworkServlet.java:882) [spring-webmvc-5.1.6.RELEASE.jar:5.1.6.RELEASE]
	at javax.servlet.http.HttpServlet.service(HttpServlet.java:741) [tomcat-embed-core-9.0.17.jar:9.0.17]
	at org.apache.catalina.core.ApplicationFilterChain.internalDoFilter(ApplicationFilterChain.java:231) [tomcat-embed-core-9.0.17.jar:9.0.17]
	at org.apache.catalina.core.ApplicationFilterChain.doFilter(ApplicationFilterChain.java:166) [tomcat-embed-core-9.0.17.jar:9.0.17]
	at org.apache.tomcat.websocket.server.WsFilter.doFilter(WsFilter.java:53) [tomcat-embed-websocket-9.0.17.jar:9.0.17]
	at org.apache.catalina.core.ApplicationFilterChain.internalDoFilter(ApplicationFilterChain.java:193) [tomcat-embed-core-9.0.17.jar:9.0.17]
	at org.apache.catalina.core.ApplicationFilterChain.doFilter(ApplicationFilterChain.java:166) [tomcat-embed-core-9.0.17.jar:9.0.17]
	at com.alibaba.druid.support.http.WebStatFilter.doFilter(WebStatFilter.java:123) [druid-1.1.10.jar:1.1.10]
	at org.apache.catalina.core.ApplicationFilterChain.internalDoFilter(ApplicationFilterChain.java:193) [tomcat-embed-core-9.0.17.jar:9.0.17]
	at org.apache.catalina.core.ApplicationFilterChain.doFilter(ApplicationFilterChain.java:166) [tomcat-embed-core-9.0.17.jar:9.0.17]
	at org.springframework.web.filter.RequestContextFilter.doFilterInternal(RequestContextFilter.java:99) [spring-web-5.1.6.RELEASE.jar:5.1.6.RELEASE]
	at org.springframework.web.filter.OncePerRequestFilter.doFilter(OncePerRequestFilter.java:107) [spring-web-5.1.6.RELEASE.jar:5.1.6.RELEASE]
	at org.apache.catalina.core.ApplicationFilterChain.internalDoFilter(ApplicationFilterChain.java:193) [tomcat-embed-core-9.0.17.jar:9.0.17]
	at org.apache.catalina.core.ApplicationFilterChain.doFilter(ApplicationFilterChain.java:166) [tomcat-embed-core-9.0.17.jar:9.0.17]
	at org.springframework.web.filter.FormContentFilter.doFilterInternal(FormContentFilter.java:92) [spring-web-5.1.6.RELEASE.jar:5.1.6.RELEASE]
	at org.springframework.web.filter.OncePerRequestFilter.doFilter(OncePerRequestFilter.java:107) [spring-web-5.1.6.RELEASE.jar:5.1.6.RELEASE]
	at org.apache.catalina.core.ApplicationFilterChain.internalDoFilter(ApplicationFilterChain.java:193) [tomcat-embed-core-9.0.17.jar:9.0.17]
	at org.apache.catalina.core.ApplicationFilterChain.doFilter(ApplicationFilterChain.java:166) [tomcat-embed-core-9.0.17.jar:9.0.17]
	at org.springframework.web.filter.HiddenHttpMethodFilter.doFilterInternal(HiddenHttpMethodFilter.java:93) [spring-web-5.1.6.RELEASE.jar:5.1.6.RELEASE]
	at org.springframework.web.filter.OncePerRequestFilter.doFilter(OncePerRequestFilter.java:107) [spring-web-5.1.6.RELEASE.jar:5.1.6.RELEASE]
	at org.apache.catalina.core.ApplicationFilterChain.internalDoFilter(ApplicationFilterChain.java:193) [tomcat-embed-core-9.0.17.jar:9.0.17]
	at org.apache.catalina.core.ApplicationFilterChain.doFilter(ApplicationFilterChain.java:166) [tomcat-embed-core-9.0.17.jar:9.0.17]
	at org.springframework.web.filter.CharacterEncodingFilter.doFilterInternal(CharacterEncodingFilter.java:200) [spring-web-5.1.6.RELEASE.jar:5.1.6.RELEASE]
	at org.springframework.web.filter.OncePerRequestFilter.doFilter(OncePerRequestFilter.java:107) [spring-web-5.1.6.RELEASE.jar:5.1.6.RELEASE]
	at org.apache.catalina.core.ApplicationFilterChain.internalDoFilter(ApplicationFilterChain.java:193) [tomcat-embed-core-9.0.17.jar:9.0.17]
	at org.apache.catalina.core.ApplicationFilterChain.doFilter(ApplicationFilterChain.java:166) [tomcat-embed-core-9.0.17.jar:9.0.17]
	at org.apache.catalina.core.StandardWrapperValve.invoke(StandardWrapperValve.java:200) [tomcat-embed-core-9.0.17.jar:9.0.17]
	at org.apache.catalina.core.StandardContextValve.invoke(StandardContextValve.java:96) [tomcat-embed-core-9.0.17.jar:9.0.17]
	at org.apache.catalina.authenticator.AuthenticatorBase.invoke(AuthenticatorBase.java:490) [tomcat-embed-core-9.0.17.jar:9.0.17]
	at org.apache.catalina.core.StandardHostValve.invoke(StandardHostValve.java:139) [tomcat-embed-core-9.0.17.jar:9.0.17]
	at org.apache.catalina.valves.ErrorReportValve.invoke(ErrorReportValve.java:92) [tomcat-embed-core-9.0.17.jar:9.0.17]
	at org.apache.catalina.core.StandardEngineValve.invoke(StandardEngineValve.java:74) [tomcat-embed-core-9.0.17.jar:9.0.17]
	at org.apache.catalina.connector.CoyoteAdapter.service(CoyoteAdapter.java:343) [tomcat-embed-core-9.0.17.jar:9.0.17]
	at org.apache.coyote.http11.Http11Processor.service(Http11Processor.java:408) [tomcat-embed-core-9.0.17.jar:9.0.17]
	at org.apache.coyote.AbstractProcessorLight.process(AbstractProcessorLight.java:66) [tomcat-embed-core-9.0.17.jar:9.0.17]
	at org.apache.coyote.AbstractProtocol$ConnectionHandler.process(AbstractProtocol.java:834) [tomcat-embed-core-9.0.17.jar:9.0.17]
	at org.apache.tomcat.util.net.NioEndpoint$SocketProcessor.doRun(NioEndpoint.java:1415) [tomcat-embed-core-9.0.17.jar:9.0.17]
	at org.apache.tomcat.util.net.SocketProcessorBase.run(SocketProcessorBase.java:49) [tomcat-embed-core-9.0.17.jar:9.0.17]
	at java.util.concurrent.ThreadPoolExecutor.runWorker(ThreadPoolExecutor.java:1142) [?:1.8.0_65]
	at java.util.concurrent.ThreadPoolExecutor$Worker.run(ThreadPoolExecutor.java:617) [?:1.8.0_65]
	at org.apache.tomcat.util.threads.TaskThread$WrappingRunnable.run(TaskThread.java:61) [tomcat-embed-core-9.0.17.jar:9.0.17]
	at java.lang.Thread.run(Thread.java:745) [?:1.8.0_65]

[2019-04-23 20:15:38] DEBUG 137 statementLog - {conn-10005, pstmt-20001} closed
[2019-04-23 20:47:38] DEBUG 137 statementLog - {conn-10005, pstmt-20000} created. insert into tb_student(stuUUID,stuName,stuNo,classUUID,email) values
        (?,?,?,?,?)
[2019-04-23 20:47:38] DEBUG 134 statementLog - {conn-10005, pstmt-20000} created. insert into tb_student(stuUUID,stuName,stuNo,classUUID,email) values
        (?,?,?,?,?)
[2019-04-23 20:47:38] DEBUG 137 statementLog - {conn-10005, pstmt-20001} created. INSERT INTO tb_stu_position(stuUUID) VALUES(?)
[2019-04-23 20:47:38] DEBUG 134 statementLog - {conn-10005, pstmt-20001} created. INSERT INTO tb_stu_position(stuUUID) VALUES(?)
[2019-04-23 20:47:38] DEBUG 137 statementLog - {conn-10005, pstmt-20000} closed
[2019-04-23 20:47:38] DEBUG 137 statementLog - {conn-10005, pstmt-20001} closed
[2019-04-23 20:48:30] DEBUG 137 statementLog - {conn-10005, pstmt-20000} created. insert into tb_student(stuUUID,stuName,stuNo,classUUID,email) values
        (?,?,?,?,?)
[2019-04-23 20:48:30] DEBUG 134 statementLog - {conn-10005, pstmt-20000} created. insert into tb_student(stuUUID,stuName,stuNo,classUUID,email) values
        (?,?,?,?,?)
[2019-04-23 20:48:30] DEBUG 137 statementLog - {conn-10005, pstmt-20001} created. INSERT INTO tb_stu_position(stuUUID) VALUES(?)
[2019-04-23 20:48:30] DEBUG 134 statementLog - {conn-10005, pstmt-20001} created. INSERT INTO tb_stu_position(stuUUID) VALUES(?)
[2019-04-23 20:48:30] DEBUG 137 statementLog - {conn-10005, pstmt-20000} batch executed. 4.67796 millis. insert into tb_student(stuUUID,stuName,stuNo,classUUID,email) values
        (?,?,?,?,?)
[2019-04-23 20:48:30] DEBUG 134 statementLog - {conn-10005, pstmt-20000} batch executed. 5.097805 millis. insert into tb_student(stuUUID,stuName,stuNo,classUUID,email) values
        (?,?,?,?,?)
[2019-04-23 20:48:30] DEBUG 137 statementLog - {conn-10005, pstmt-20000} closed
[2019-04-23 20:48:31] DEBUG 137 statementLog - {conn-10005, pstmt-20001} batch executed. 91.174195 millis. INSERT INTO tb_stu_position(stuUUID) VALUES(?)
[2019-04-23 20:48:31] DEBUG 134 statementLog - {conn-10005, pstmt-20001} batch executed. 91.883988 millis. INSERT INTO tb_stu_position(stuUUID) VALUES(?)
[2019-04-23 20:48:31] DEBUG 137 statementLog - {conn-10005, pstmt-20001} closed
[2019-04-23 20:49:52] DEBUG 137 statementLog - {conn-10005, pstmt-20002} created. insert into tb_student(stuUUID,stuName,stuNo,classUUID,email) values
        (?,?,?,?,?)
[2019-04-23 20:49:52] DEBUG 134 statementLog - {conn-10005, pstmt-20002} created. insert into tb_student(stuUUID,stuName,stuNo,classUUID,email) values
        (?,?,?,?,?)
[2019-04-23 20:49:52] DEBUG 137 statementLog - {conn-10005, pstmt-20003} created. INSERT INTO tb_stu_position(stuUUID) VALUES(?)
[2019-04-23 20:49:52] DEBUG 134 statementLog - {conn-10005, pstmt-20003} created. INSERT INTO tb_stu_position(stuUUID) VALUES(?)
[2019-04-23 20:49:52] DEBUG 137 statementLog - {conn-10005, pstmt-20002} batch executed. 3.405273 millis. insert into tb_student(stuUUID,stuName,stuNo,classUUID,email) values
        (?,?,?,?,?)
[2019-04-23 20:49:52] DEBUG 134 statementLog - {conn-10005, pstmt-20002} batch executed. 3.793686 millis. insert into tb_student(stuUUID,stuName,stuNo,classUUID,email) values
        (?,?,?,?,?)
[2019-04-23 20:49:52] DEBUG 137 statementLog - {conn-10005, pstmt-20002} closed
[2019-04-23 20:49:52] DEBUG 137 statementLog - {conn-10005, pstmt-20003} batch executed. 2.950146 millis. INSERT INTO tb_stu_position(stuUUID) VALUES(?)
[2019-04-23 20:49:52] DEBUG 134 statementLog - {conn-10005, pstmt-20003} batch executed. 3.524587 millis. INSERT INTO tb_stu_position(stuUUID) VALUES(?)
[2019-04-23 20:49:52] DEBUG 137 statementLog - {conn-10005, pstmt-20003} closed
[2019-04-23 21:04:54] DEBUG 137 statementLog - {conn-10005, pstmt-20000} created. insert into tb_student(stuUUID,stuName,stuNo,classUUID,email) values
        (?,?,?,?,?)
[2019-04-23 21:04:54] DEBUG 134 statementLog - {conn-10005, pstmt-20000} created. insert into tb_student(stuUUID,stuName,stuNo,classUUID,email) values
        (?,?,?,?,?)
[2019-04-23 21:04:54] DEBUG 137 statementLog - {conn-10005, pstmt-20001} created. INSERT INTO tb_stu_position(stuUUID) VALUES(?)
[2019-04-23 21:04:54] DEBUG 134 statementLog - {conn-10005, pstmt-20001} created. INSERT INTO tb_stu_position(stuUUID) VALUES(?)
[2019-04-23 21:04:54] DEBUG 137 statementLog - {conn-10005, pstmt-20000} batch executed. 4.966945 millis. insert into tb_student(stuUUID,stuName,stuNo,classUUID,email) values
        (?,?,?,?,?)
[2019-04-23 21:04:54] DEBUG 134 statementLog - {conn-10005, pstmt-20000} batch executed. 5.478201 millis. insert into tb_student(stuUUID,stuName,stuNo,classUUID,email) values
        (?,?,?,?,?)
[2019-04-23 21:04:54] DEBUG 137 statementLog - {conn-10005, pstmt-20000} closed
[2019-04-23 21:04:54] DEBUG 137 statementLog - {conn-10005, pstmt-20001} batch executed. 99.183017 millis. INSERT INTO tb_stu_position(stuUUID) VALUES(?)
[2019-04-23 21:04:54] DEBUG 134 statementLog - {conn-10005, pstmt-20001} batch executed. 99.747836 millis. INSERT INTO tb_stu_position(stuUUID) VALUES(?)
[2019-04-23 21:04:54] DEBUG 137 statementLog - {conn-10005, pstmt-20001} closed
[2019-04-23 21:06:38] DEBUG 137 statementLog - {conn-10005, pstmt-20002} created. insert into tb_student(stuUUID,stuName,stuNo,classUUID,email) values
        (?,?,?,?,?)
[2019-04-23 21:06:38] DEBUG 134 statementLog - {conn-10005, pstmt-20002} created. insert into tb_student(stuUUID,stuName,stuNo,classUUID,email) values
        (?,?,?,?,?)
[2019-04-23 21:06:38] DEBUG 137 statementLog - {conn-10005, pstmt-20003} created. INSERT INTO tb_stu_position(stuUUID) VALUES(?)
[2019-04-23 21:06:38] DEBUG 134 statementLog - {conn-10005, pstmt-20003} created. INSERT INTO tb_stu_position(stuUUID) VALUES(?)
[2019-04-23 21:06:38] DEBUG 137 statementLog - {conn-10005, pstmt-20004} created. insert into tb_student(stuUUID,stuName,stuNo,classUUID,email) values
        (?,?,?,?,?)
[2019-04-23 21:06:38] DEBUG 134 statementLog - {conn-10005, pstmt-20004} created. insert into tb_student(stuUUID,stuName,stuNo,classUUID,email) values
        (?,?,?,?,?)
[2019-04-23 21:06:38] DEBUG 137 statementLog - {conn-10005, pstmt-20005} created. INSERT INTO tb_stu_position(stuUUID) VALUES(?)
[2019-04-23 21:06:38] DEBUG 134 statementLog - {conn-10005, pstmt-20005} created. INSERT INTO tb_stu_position(stuUUID) VALUES(?)
[2019-04-23 21:06:38] DEBUG 137 statementLog - {conn-10005, pstmt-20002} batch executed. 3.304882 millis. insert into tb_student(stuUUID,stuName,stuNo,classUUID,email) values
        (?,?,?,?,?)
[2019-04-23 21:06:38] DEBUG 134 statementLog - {conn-10005, pstmt-20002} batch executed. 3.600602 millis. insert into tb_student(stuUUID,stuName,stuNo,classUUID,email) values
        (?,?,?,?,?)
[2019-04-23 21:06:38] DEBUG 137 statementLog - {conn-10005, pstmt-20002} closed
[2019-04-23 21:06:38] DEBUG 137 statementLog - {conn-10005, pstmt-20003} batch executed. 2.659237 millis. INSERT INTO tb_stu_position(stuUUID) VALUES(?)
[2019-04-23 21:06:38] DEBUG 134 statementLog - {conn-10005, pstmt-20003} batch executed. 3.015897 millis. INSERT INTO tb_stu_position(stuUUID) VALUES(?)
[2019-04-23 21:06:38] DEBUG 137 statementLog - {conn-10005, pstmt-20003} closed
[2019-04-23 21:06:38] DEBUG 137 statementLog - {conn-10005, pstmt-20004} batch executed. 87.198009 millis. insert into tb_student(stuUUID,stuName,stuNo,classUUID,email) values
        (?,?,?,?,?)
[2019-04-23 21:06:38] DEBUG 134 statementLog - {conn-10005, pstmt-20004} batch executed. 87.652494 millis. insert into tb_student(stuUUID,stuName,stuNo,classUUID,email) values
        (?,?,?,?,?)
[2019-04-23 21:06:38] DEBUG 137 statementLog - {conn-10005, pstmt-20004} closed
[2019-04-23 21:06:38] DEBUG 137 statementLog - {conn-10005, pstmt-20005} batch executed. 82.528067 millis. INSERT INTO tb_stu_position(stuUUID) VALUES(?)
[2019-04-23 21:06:38] DEBUG 134 statementLog - {conn-10005, pstmt-20005} batch executed. 83.051191 millis. INSERT INTO tb_stu_position(stuUUID) VALUES(?)
[2019-04-23 21:06:38] DEBUG 137 statementLog - {conn-10005, pstmt-20005} closed
[2019-04-23 21:08:09] DEBUG 137 statementLog - {conn-10005, pstmt-20000} created. insert into tb_student(stuUUID,stuName,stuNo,classUUID,email) values
        (?,?,?,?,?)
[2019-04-23 21:08:09] DEBUG 134 statementLog - {conn-10005, pstmt-20000} created. insert into tb_student(stuUUID,stuName,stuNo,classUUID,email) values
        (?,?,?,?,?)
[2019-04-23 21:08:09] DEBUG 137 statementLog - {conn-10005, pstmt-20001} created. INSERT INTO tb_stu_position(stuUUID) VALUES(?)
[2019-04-23 21:08:09] DEBUG 134 statementLog - {conn-10005, pstmt-20001} created. INSERT INTO tb_stu_position(stuUUID) VALUES(?)
[2019-04-23 21:08:09] DEBUG 137 statementLog - {conn-10005, pstmt-20002} created. insert into tb_student(stuUUID,stuName,stuNo,classUUID,email) values
        (?,?,?,?,?)
[2019-04-23 21:08:09] DEBUG 134 statementLog - {conn-10005, pstmt-20002} created. insert into tb_student(stuUUID,stuName,stuNo,classUUID,email) values
        (?,?,?,?,?)
[2019-04-23 21:08:09] DEBUG 137 statementLog - {conn-10005, pstmt-20003} created. INSERT INTO tb_stu_position(stuUUID) VALUES(?)
[2019-04-23 21:08:09] DEBUG 134 statementLog - {conn-10005, pstmt-20003} created. INSERT INTO tb_stu_position(stuUUID) VALUES(?)
[2019-04-23 21:08:09] DEBUG 137 statementLog - {conn-10005, pstmt-20000} batch executed. 4.324186 millis. insert into tb_student(stuUUID,stuName,stuNo,classUUID,email) values
        (?,?,?,?,?)
[2019-04-23 21:08:09] DEBUG 134 statementLog - {conn-10005, pstmt-20000} batch executed. 4.824858 millis. insert into tb_student(stuUUID,stuName,stuNo,classUUID,email) values
        (?,?,?,?,?)
[2019-04-23 21:08:09] DEBUG 137 statementLog - {conn-10005, pstmt-20000} closed
[2019-04-23 21:08:09] DEBUG 137 statementLog - {conn-10005, pstmt-20001} batch executed. 1.924747 millis. INSERT INTO tb_stu_position(stuUUID) VALUES(?)
[2019-04-23 21:08:09] DEBUG 134 statementLog - {conn-10005, pstmt-20001} batch executed. 2.208921 millis. INSERT INTO tb_stu_position(stuUUID) VALUES(?)
[2019-04-23 21:08:09] DEBUG 137 statementLog - {conn-10005, pstmt-20001} closed
[2019-04-23 21:08:09] DEBUG 137 statementLog - {conn-10005, pstmt-20002} batch executed. 124.189656 millis. insert into tb_student(stuUUID,stuName,stuNo,classUUID,email) values
        (?,?,?,?,?)
[2019-04-23 21:08:09] DEBUG 134 statementLog - {conn-10005, pstmt-20002} batch executed. 125.410705 millis. insert into tb_student(stuUUID,stuName,stuNo,classUUID,email) values
        (?,?,?,?,?)
[2019-04-23 21:08:09] DEBUG 137 statementLog - {conn-10005, pstmt-20002} closed
[2019-04-23 21:08:09] DEBUG 137 statementLog - {conn-10005, pstmt-20003} batch executed. 4.207437 millis. INSERT INTO tb_stu_position(stuUUID) VALUES(?)
[2019-04-23 21:08:09] DEBUG 134 statementLog - {conn-10005, pstmt-20003} batch executed. 4.866553 millis. INSERT INTO tb_stu_position(stuUUID) VALUES(?)
[2019-04-23 21:08:09] DEBUG 137 statementLog - {conn-10005, pstmt-20003} closed
[2019-04-23 21:09:56] DEBUG 137 statementLog - {conn-10005, pstmt-20004} created. insert into tb_student(stuUUID,stuName,stuNo,classUUID,email) values
        (?,?,?,?,?)
[2019-04-23 21:09:56] DEBUG 134 statementLog - {conn-10005, pstmt-20004} created. insert into tb_student(stuUUID,stuName,stuNo,classUUID,email) values
        (?,?,?,?,?)
[2019-04-23 21:09:56] DEBUG 137 statementLog - {conn-10005, pstmt-20005} created. INSERT INTO tb_stu_position(stuUUID) VALUES(?)
[2019-04-23 21:09:56] DEBUG 134 statementLog - {conn-10005, pstmt-20005} created. INSERT INTO tb_stu_position(stuUUID) VALUES(?)
[2019-04-23 21:09:56] DEBUG 137 statementLog - {conn-10005, pstmt-20006} created. insert into tb_student(stuUUID,stuName,stuNo,classUUID,email) values
        (?,?,?,?,?)
[2019-04-23 21:09:56] DEBUG 134 statementLog - {conn-10005, pstmt-20006} created. insert into tb_student(stuUUID,stuName,stuNo,classUUID,email) values
        (?,?,?,?,?)
[2019-04-23 21:09:56] DEBUG 137 statementLog - {conn-10005, pstmt-20007} created. INSERT INTO tb_stu_position(stuUUID) VALUES(?)
[2019-04-23 21:09:56] DEBUG 134 statementLog - {conn-10005, pstmt-20007} created. INSERT INTO tb_stu_position(stuUUID) VALUES(?)
[2019-04-23 21:09:56] DEBUG 137 statementLog - {conn-10005, pstmt-20004} batch executed. 3.259979 millis. insert into tb_student(stuUUID,stuName,stuNo,classUUID,email) values
        (?,?,?,?,?)
[2019-04-23 21:09:56] DEBUG 134 statementLog - {conn-10005, pstmt-20004} batch executed. 3.579113 millis. insert into tb_student(stuUUID,stuName,stuNo,classUUID,email) values
        (?,?,?,?,?)
[2019-04-23 21:09:56] DEBUG 137 statementLog - {conn-10005, pstmt-20004} closed
[2019-04-23 21:09:56] DEBUG 137 statementLog - {conn-10005, pstmt-20005} batch executed. 91.326867 millis. INSERT INTO tb_stu_position(stuUUID) VALUES(?)
[2019-04-23 21:09:56] DEBUG 134 statementLog - {conn-10005, pstmt-20005} batch executed. 92.287476 millis. INSERT INTO tb_stu_position(stuUUID) VALUES(?)
[2019-04-23 21:09:56] DEBUG 137 statementLog - {conn-10005, pstmt-20005} closed
[2019-04-23 21:09:56] DEBUG 137 statementLog - {conn-10005, pstmt-20006} batch executed. 80.085971 millis. insert into tb_student(stuUUID,stuName,stuNo,classUUID,email) values
        (?,?,?,?,?)
[2019-04-23 21:09:56] DEBUG 134 statementLog - {conn-10005, pstmt-20006} batch executed. 80.610377 millis. insert into tb_student(stuUUID,stuName,stuNo,classUUID,email) values
        (?,?,?,?,?)
[2019-04-23 21:09:56] DEBUG 137 statementLog - {conn-10005, pstmt-20006} closed
[2019-04-23 21:09:56] DEBUG 137 statementLog - {conn-10005, pstmt-20007} batch executed. 2.827303 millis. INSERT INTO tb_stu_position(stuUUID) VALUES(?)
[2019-04-23 21:09:56] DEBUG 134 statementLog - {conn-10005, pstmt-20007} batch executed. 3.189095 millis. INSERT INTO tb_stu_position(stuUUID) VALUES(?)
[2019-04-23 21:09:56] DEBUG 137 statementLog - {conn-10005, pstmt-20007} closed
[2019-04-23 21:10:54] DEBUG 137 statementLog - {conn-10005, pstmt-20008} created. insert into tb_student(stuUUID,stuName,stuNo,classUUID,email) values
        (?,?,?,?,?)
[2019-04-23 21:10:54] DEBUG 134 statementLog - {conn-10005, pstmt-20008} created. insert into tb_student(stuUUID,stuName,stuNo,classUUID,email) values
        (?,?,?,?,?)
[2019-04-23 21:10:54] DEBUG 137 statementLog - {conn-10005, pstmt-20009} created. INSERT INTO tb_stu_position(stuUUID) VALUES(?)
[2019-04-23 21:10:54] DEBUG 134 statementLog - {conn-10005, pstmt-20009} created. INSERT INTO tb_stu_position(stuUUID) VALUES(?)
[2019-04-23 21:10:54] DEBUG 137 statementLog - {conn-10005, pstmt-20010} created. insert into tb_student(stuUUID,stuName,stuNo,classUUID,email) values
        (?,?,?,?,?)
[2019-04-23 21:10:54] DEBUG 134 statementLog - {conn-10005, pstmt-20010} created. insert into tb_student(stuUUID,stuName,stuNo,classUUID,email) values
        (?,?,?,?,?)
[2019-04-23 21:10:54] DEBUG 137 statementLog - {conn-10005, pstmt-20011} created. INSERT INTO tb_stu_position(stuUUID) VALUES(?)
[2019-04-23 21:10:54] DEBUG 134 statementLog - {conn-10005, pstmt-20011} created. INSERT INTO tb_stu_position(stuUUID) VALUES(?)
[2019-04-23 21:10:54] DEBUG 137 statementLog - {conn-10005, pstmt-20008} batch executed. 4.088123 millis. insert into tb_student(stuUUID,stuName,stuNo,classUUID,email) values
        (?,?,?,?,?)
[2019-04-23 21:10:54] DEBUG 134 statementLog - {conn-10005, pstmt-20008} batch executed. 4.454406 millis. insert into tb_student(stuUUID,stuName,stuNo,classUUID,email) values
        (?,?,?,?,?)
[2019-04-23 21:10:54] DEBUG 137 statementLog - {conn-10005, pstmt-20008} closed
[2019-04-23 21:10:54] DEBUG 137 statementLog - {conn-10005, pstmt-20009} batch executed. 3.014614 millis. INSERT INTO tb_stu_position(stuUUID) VALUES(?)
[2019-04-23 21:10:54] DEBUG 134 statementLog - {conn-10005, pstmt-20009} batch executed. 3.526191 millis. INSERT INTO tb_stu_position(stuUUID) VALUES(?)
[2019-04-23 21:10:54] DEBUG 137 statementLog - {conn-10005, pstmt-20009} closed
[2019-04-23 21:10:54] DEBUG 137 statementLog - {conn-10005, pstmt-20010} batch executed. 2.764439 millis. insert into tb_student(stuUUID,stuName,stuNo,classUUID,email) values
        (?,?,?,?,?)
[2019-04-23 21:10:54] DEBUG 134 statementLog - {conn-10005, pstmt-20010} batch executed. 3.182681 millis. insert into tb_student(stuUUID,stuName,stuNo,classUUID,email) values
        (?,?,?,?,?)
[2019-04-23 21:10:54] DEBUG 137 statementLog - {conn-10005, pstmt-20010} closed
[2019-04-23 21:10:55] DEBUG 137 statementLog - {conn-10005, pstmt-20011} batch executed. 99.398873 millis. INSERT INTO tb_stu_position(stuUUID) VALUES(?)
[2019-04-23 21:10:55] DEBUG 134 statementLog - {conn-10005, pstmt-20011} batch executed. 99.901469 millis. INSERT INTO tb_stu_position(stuUUID) VALUES(?)
[2019-04-23 21:10:55] DEBUG 137 statementLog - {conn-10005, pstmt-20011} closed
